2026-02-09 20:17:46 WARN  [HikariPool-1:housekeeper] com.zaxxer.hikari.pool.HikariPool - HikariPool-1 - Thread starvation or clock leap detected (housekeeper delta=1d8h53m55s314ms881µs400ns).
2026-02-09 21:13:35 INFO  [RMI TCP Connection(786)-127.0.0.1] org.springframework.boot.admin.SpringApplicationAdminMXBeanRegistrar$SpringApplicationAdmin - Application shutdown requested.
2026-02-09 21:13:35 INFO  [RMI TCP Connection(786)-127.0.0.1] org.springframework.boot.web.embedded.tomcat.GracefulShutdown - Commencing graceful shutdown. Waiting for active requests to complete
2026-02-09 21:13:35 INFO  [tomcat-shutdown] org.apache.coyote.http11.Http11NioProtocol - Pausing ProtocolHandler ["http-nio-9095"]
2026-02-09 21:13:35 INFO  [tomcat-shutdown] org.springframework.boot.web.embedded.tomcat.GracefulShutdown - Graceful shutdown complete
2026-02-09 21:13:35 INFO  [RMI TCP Connection(786)-127.0.0.1] org.apache.coyote.http11.Http11NioProtocol - Stopping ProtocolHandler ["http-nio-9095"]
2026-02-09 21:13:35 INFO  [RMI TCP Connection(786)-127.0.0.1] org.springframework.orm.jpa.LocalContainerEntityManagerFactoryBean - Closing JPA EntityManagerFactory for persistence unit 'default'
2026-02-09 21:13:35 INFO  [RMI TCP Connection(786)-127.0.0.1] com.zaxxer.hikari.HikariDataSource - HikariPool-1 - Shutdown initiated...
2026-02-09 21:13:35 INFO  [RMI TCP Connection(786)-127.0.0.1] com.zaxxer.hikari.HikariDataSource - HikariPool-1 - Shutdown completed.
2026-02-09 21:14:02 INFO  [background-preinit] org.hibernate.validator.internal.util.Version - HV000001: Hibernate Validator 8.0.2.Final
2026-02-09 21:14:02 INFO  [main] com.example.login.LoginProjectApplication - Starting LoginProjectApplication using Java 21.0.6 with PID 24660 (C:\Users\20251\OneDrive\Desktop\JavaProject\Login_Project\target\classes started by 20251 in C:\Users\20251\OneDrive\Desktop\JavaProject\Login_Project)
2026-02-09 21:14:02 INFO  [main] com.example.login.LoginProjectApplication - No active profile set, falling back to 1 default profile: "default"
2026-02-09 21:14:03 INFO  [main] org.springframework.data.repository.config.RepositoryConfigurationDelegate - Bootstrapping Spring Data JPA repositories in DEFAULT mode.
2026-02-09 21:14:03 INFO  [main] org.springframework.data.repository.config.RepositoryConfigurationDelegate - Finished Spring Data repository scanning in 44 ms. Found 3 JPA repository interfaces.
2026-02-09 21:14:04 INFO  [main] org.springframework.boot.web.embedded.tomcat.TomcatWebServer - Tomcat initialized with port 9095 (http)
2026-02-09 21:14:04 INFO  [main] org.apache.coyote.http11.Http11NioProtocol - Initializing ProtocolHandler ["http-nio-9095"]
2026-02-09 21:14:04 INFO  [main] org.apache.catalina.core.StandardService - Starting service [Tomcat]
2026-02-09 21:14:04 INFO  [main] org.apache.catalina.core.StandardEngine - Starting Servlet engine: [Apache Tomcat/10.1.42]
2026-02-09 21:14:04 INFO  [main] org.apache.catalina.core.ContainerBase.[Tomcat].[localhost].[/] - Initializing Spring embedded WebApplicationContext
2026-02-09 21:14:04 INFO  [main] org.springframework.boot.web.servlet.context.ServletWebServerApplicationContext - Root WebApplicationContext: initialization completed in 1852 ms
2026-02-09 21:14:05 INFO  [main] com.zaxxer.hikari.HikariDataSource - HikariPool-1 - Starting...
2026-02-09 21:14:05 INFO  [main] com.zaxxer.hikari.pool.HikariPool - HikariPool-1 - Added connection com.mysql.cj.jdbc.ConnectionImpl@6e49b011
2026-02-09 21:14:05 INFO  [main] com.zaxxer.hikari.HikariDataSource - HikariPool-1 - Start completed.
2026-02-09 21:14:05 INFO  [main] org.flywaydb.core.FlywayExecutor - Database: jdbc:mysql://localhost:3306/users?useSSL=false&allowPublicKeyRetrieval=true&serverTimezone=UTC (MySQL 8.0)
2026-02-09 21:14:05 INFO  [main] org.flywaydb.core.internal.command.DbValidate - Successfully validated 10 migrations (execution time 00:00.040s)
2026-02-09 21:14:05 INFO  [main] org.flywaydb.core.internal.command.DbMigrate - Current version of schema `users`: 9
2026-02-09 21:14:05 INFO  [main] org.flywaydb.core.internal.command.DbMigrate - Migrating schema `users` to version "10 - change image path to blob"
2026-02-09 21:14:05 INFO  [main] org.flywaydb.core.internal.command.DbMigrate - Successfully applied 1 migration to schema `users`, now at version v10 (execution time 00:00.152s)
2026-02-09 21:14:05 INFO  [main] org.hibernate.jpa.internal.util.LogHelper - HHH000204: Processing PersistenceUnitInfo [name: default]
2026-02-09 21:14:05 INFO  [main] org.hibernate.Version - HHH000412: Hibernate ORM core version 6.6.18.Final
2026-02-09 21:14:05 INFO  [main] org.hibernate.cache.internal.RegionFactoryInitiator - HHH000026: Second-level cache disabled
2026-02-09 21:14:06 INFO  [main] org.hibernate.envers.boot.internal.EnversServiceImpl - Envers integration enabled? : true
2026-02-09 21:14:06 INFO  [main] org.springframework.orm.jpa.persistenceunit.SpringPersistenceUnitInfo - No LoadTimeWeaver setup: ignoring JPA class transformer
2026-02-09 21:14:06 INFO  [main] org.hibernate.orm.connections.pooling - HHH10001005: Database info:
	Database JDBC URL [Connecting through datasource 'HikariDataSource (HikariPool-1)']
	Database driver: undefined/unknown
	Database version: 8.0.43
	Autocommit mode: undefined/unknown
	Isolation level: undefined/unknown
	Minimum pool size: undefined/unknown
	Maximum pool size: undefined/unknown
2026-02-09 21:14:07 DEBUG [main] org.hibernate.envers.configuration.internal.metadata.AuditMetadataGenerator - Generating first-pass auditing mapping for entity com.example.login.entity.Product
2026-02-09 21:14:07 INFO  [main] org.hibernate.envers.configuration.internal.metadata.AuditMetadataGenerator - Adding properties for entity: com.example.login.entity.Product
2026-02-09 21:14:07 DEBUG [main] org.hibernate.envers.configuration.internal.metadata.AuditMetadataGenerator - Generating first-pass auditing mapping for entity com.example.login.entity.Manufacture
2026-02-09 21:14:07 INFO  [main] org.hibernate.envers.configuration.internal.metadata.AuditMetadataGenerator - Adding properties for entity: com.example.login.entity.Manufacture
2026-02-09 21:14:07 DEBUG [main] org.hibernate.envers.configuration.internal.metadata.AuditMetadataGenerator - Generating second-pass auditing mapping for entity com.example.login.entity.Product
2026-02-09 21:14:07 DEBUG [main] org.hibernate.envers.configuration.internal.metadata.AuditMetadataGenerator - Generating second-pass auditing mapping for entity com.example.login.entity.Manufacture
2026-02-09 21:14:07 DEBUG [main] org.hibernate.envers.configuration.internal.metadata.JoinColumnCollectionMetadataGenerator - Adding audit mapping for property com.example.login.entity.Manufacture.products: one-to-many collection, using a join column on the referenced entity
2026-02-09 21:14:08 INFO  [main] org.hibernate.engine.transaction.jta.platform.internal.JtaPlatformInitiator - HHH000489: No JTA platform available (set 'hibernate.transaction.jta.platform' to enable JTA platform integration)
2026-02-09 21:14:08 INFO  [main] org.springframework.orm.jpa.LocalContainerEntityManagerFactoryBean - Initialized JPA EntityManagerFactory for persistence unit 'default'
2026-02-09 21:14:09 WARN  [main] org.springframework.boot.autoconfigure.orm.jpa.JpaBaseConfiguration$JpaWebConfiguration - spring.jpa.open-in-view is enabled by default. Therefore, database queries may be performed during view rendering. Explicitly configure spring.jpa.open-in-view to disable this warning
2026-02-09 21:14:09 INFO  [main] org.springframework.security.config.annotation.authentication.configuration.InitializeUserDetailsBeanManagerConfigurer$InitializeUserDetailsManagerConfigurer - Global AuthenticationManager configured with UserDetailsService bean with name customUserDetailsService
2026-02-09 21:14:09 INFO  [main] org.apache.coyote.http11.Http11NioProtocol - Starting ProtocolHandler ["http-nio-9095"]
2026-02-09 21:14:09 INFO  [main] org.springframework.boot.web.embedded.tomcat.TomcatWebServer - Tomcat started on port 9095 (http) with context path '/'
2026-02-09 21:14:09 INFO  [main] com.example.login.LoginProjectApplication - Started LoginProjectApplication in 7.749 seconds (process running for 8.426)
2026-02-09 21:16:19 INFO  [http-nio-9095-exec-1] org.apache.catalina.core.ContainerBase.[Tomcat].[localhost].[/] - Initializing Spring DispatcherServlet 'dispatcherServlet'
2026-02-09 21:16:19 INFO  [http-nio-9095-exec-1] org.springframework.web.servlet.DispatcherServlet - Initializing Servlet 'dispatcherServlet'
2026-02-09 21:16:19 INFO  [http-nio-9095-exec-1] org.springframework.web.servlet.DispatcherServlet - Completed initialization in 0 ms
2026-02-09 21:16:27 INFO  [http-nio-9095-exec-8] com.example.login.controller.ProductPageController - Request list products page=0, size=4
2026-02-09 21:16:27 INFO  [http-nio-9095-exec-8] com.example.login.service.ProductService - Load products page=0, size=4
2026-02-09 21:16:27 TRACE [http-nio-9095-exec-2] org.zalando.logbook.Logbook - Incoming Request: c4cc345aedaa90b7
Remote: 0:0:0:0:0:0:0:1
GET http://localhost:9095/api/products/image/15 HTTP/1.1
accept: image/avif,image/webp,image/apng,image/svg+xml,image/*,*/*;q=0.8
accept-encoding: gzip, deflate, br, zstd
accept-language: ja,en-US;q=0.9,en;q=0.8,vi;q=0.7
authorization: XXX
connection: keep-alive
cookie: XXX
host: localhost:9095
referer: http://localhost:9095/products
sec-ch-ua: "Not(A:Brand";v="8", "Chromium";v="144", "Google Chrome";v="144"
sec-ch-ua-mobile: ?0
sec-ch-ua-platform: "Windows"
sec-fetch-dest: image
sec-fetch-mode: no-cors
sec-fetch-site: same-origin
user-agent: Mozilla/5.0 (Windows NT 10.0; Win64; x64) AppleWebKit/537.36 (KHTML, like Gecko) Chrome/144.0.0.0 Safari/537.36
2026-02-09 21:16:27 TRACE [http-nio-9095-exec-3] org.zalando.logbook.Logbook - Incoming Request: 988d2511ac789feb
Remote: 0:0:0:0:0:0:0:1
GET http://localhost:9095/api/products/image/14 HTTP/1.1
accept: image/avif,image/webp,image/apng,image/svg+xml,image/*,*/*;q=0.8
accept-encoding: gzip, deflate, br, zstd
accept-language: ja,en-US;q=0.9,en;q=0.8,vi;q=0.7
authorization: XXX
connection: keep-alive
cookie: XXX
host: localhost:9095
referer: http://localhost:9095/products
sec-ch-ua: "Not(A:Brand";v="8", "Chromium";v="144", "Google Chrome";v="144"
sec-ch-ua-mobile: ?0
sec-ch-ua-platform: "Windows"
sec-fetch-dest: image
sec-fetch-mode: no-cors
sec-fetch-site: same-origin
user-agent: Mozilla/5.0 (Windows NT 10.0; Win64; x64) AppleWebKit/537.36 (KHTML, like Gecko) Chrome/144.0.0.0 Safari/537.36
2026-02-09 21:16:27 TRACE [http-nio-9095-exec-1] org.zalando.logbook.Logbook - Incoming Request: e50b2f769801431e
Remote: 0:0:0:0:0:0:0:1
GET http://localhost:9095/api/products/image/12 HTTP/1.1
accept: image/avif,image/webp,image/apng,image/svg+xml,image/*,*/*;q=0.8
accept-encoding: gzip, deflate, br, zstd
accept-language: ja,en-US;q=0.9,en;q=0.8,vi;q=0.7
authorization: XXX
connection: keep-alive
cookie: XXX
host: localhost:9095
referer: http://localhost:9095/products
sec-ch-ua: "Not(A:Brand";v="8", "Chromium";v="144", "Google Chrome";v="144"
sec-ch-ua-mobile: ?0
sec-ch-ua-platform: "Windows"
sec-fetch-dest: image
sec-fetch-mode: no-cors
sec-fetch-site: same-origin
user-agent: Mozilla/5.0 (Windows NT 10.0; Win64; x64) AppleWebKit/537.36 (KHTML, like Gecko) Chrome/144.0.0.0 Safari/537.36
2026-02-09 21:16:27 TRACE [http-nio-9095-exec-5] org.zalando.logbook.Logbook - Incoming Request: b3fb99d85a727331
Remote: 0:0:0:0:0:0:0:1
GET http://localhost:9095/api/products/image/16 HTTP/1.1
accept: image/avif,image/webp,image/apng,image/svg+xml,image/*,*/*;q=0.8
accept-encoding: gzip, deflate, br, zstd
accept-language: ja,en-US;q=0.9,en;q=0.8,vi;q=0.7
authorization: XXX
connection: keep-alive
cookie: XXX
host: localhost:9095
referer: http://localhost:9095/products
sec-ch-ua: "Not(A:Brand";v="8", "Chromium";v="144", "Google Chrome";v="144"
sec-ch-ua-mobile: ?0
sec-ch-ua-platform: "Windows"
sec-fetch-dest: image
sec-fetch-mode: no-cors
sec-fetch-site: same-origin
user-agent: Mozilla/5.0 (Windows NT 10.0; Win64; x64) AppleWebKit/537.36 (KHTML, like Gecko) Chrome/144.0.0.0 Safari/537.36
2026-02-09 21:16:27 TRACE [http-nio-9095-exec-5] org.zalando.logbook.Logbook - Outgoing Response: b3fb99d85a727331
Duration: 54 ms
HTTP/1.1 200 OK
Cache-Control: no-cache, no-store, max-age=0, must-revalidate
Connection: keep-alive
Content-Type: image/png
Date: Mon, 09 Feb 2026 12:16:27 GMT
Expires: 0
Keep-Alive: timeout=60
Pragma: no-cache
Transfer-Encoding: chunked
X-Content-Type-Options: nosniff
X-Frame-Options: DENY
X-XSS-Protection: 0

<binary>
2026-02-09 21:16:27 TRACE [http-nio-9095-exec-3] org.zalando.logbook.Logbook - Outgoing Response: 988d2511ac789feb
Duration: 55 ms
HTTP/1.1 200 OK
Cache-Control: no-cache, no-store, max-age=0, must-revalidate
Connection: keep-alive
Content-Type: image/png
Date: Mon, 09 Feb 2026 12:16:27 GMT
Expires: 0
Keep-Alive: timeout=60
Pragma: no-cache
Transfer-Encoding: chunked
X-Content-Type-Options: nosniff
X-Frame-Options: DENY
X-XSS-Protection: 0

<binary>
2026-02-09 21:16:27 TRACE [http-nio-9095-exec-2] org.zalando.logbook.Logbook - Outgoing Response: c4cc345aedaa90b7
Duration: 54 ms
HTTP/1.1 200 OK
Cache-Control: no-cache, no-store, max-age=0, must-revalidate
Connection: keep-alive
Content-Type: image/png
Date: Mon, 09 Feb 2026 12:16:27 GMT
Expires: 0
Keep-Alive: timeout=60
Pragma: no-cache
Transfer-Encoding: chunked
X-Content-Type-Options: nosniff
X-Frame-Options: DENY
X-XSS-Protection: 0

<binary>
2026-02-09 21:16:27 TRACE [http-nio-9095-exec-1] org.zalando.logbook.Logbook - Outgoing Response: e50b2f769801431e
Duration: 55 ms
HTTP/1.1 200 OK
Cache-Control: no-cache, no-store, max-age=0, must-revalidate
Connection: keep-alive
Content-Type: image/png
Date: Mon, 09 Feb 2026 12:16:27 GMT
Expires: 0
Keep-Alive: timeout=60
Pragma: no-cache
Transfer-Encoding: chunked
X-Content-Type-Options: nosniff
X-Frame-Options: DENY
X-XSS-Protection: 0

<binary>
2026-02-09 21:16:31 INFO  [http-nio-9095-exec-6] com.example.login.controller.ProductPageController - Request product detail with id=12
2026-02-09 21:16:31 INFO  [http-nio-9095-exec-6] com.example.login.controller.ProductPageController - Product loaded successfully: id=12, name=Product 12
2026-02-09 21:16:31 TRACE [http-nio-9095-exec-9] org.zalando.logbook.Logbook - Incoming Request: c617af511d2951e8
Remote: 0:0:0:0:0:0:0:1
GET http://localhost:9095/api/products/image/12 HTTP/1.1
accept: image/avif,image/webp,image/apng,image/svg+xml,image/*,*/*;q=0.8
accept-encoding: gzip, deflate, br, zstd
accept-language: ja,en-US;q=0.9,en;q=0.8,vi;q=0.7
authorization: XXX
connection: keep-alive
cookie: XXX
host: localhost:9095
referer: http://localhost:9095/products/12
sec-ch-ua: "Not(A:Brand";v="8", "Chromium";v="144", "Google Chrome";v="144"
sec-ch-ua-mobile: ?0
sec-ch-ua-platform: "Windows"
sec-fetch-dest: image
sec-fetch-mode: no-cors
sec-fetch-site: same-origin
user-agent: Mozilla/5.0 (Windows NT 10.0; Win64; x64) AppleWebKit/537.36 (KHTML, like Gecko) Chrome/144.0.0.0 Safari/537.36
2026-02-09 21:16:31 TRACE [http-nio-9095-exec-9] org.zalando.logbook.Logbook - Outgoing Response: c617af511d2951e8
Duration: 10 ms
HTTP/1.1 200 OK
Cache-Control: no-cache, no-store, max-age=0, must-revalidate
Connection: keep-alive
Content-Type: image/png
Date: Mon, 09 Feb 2026 12:16:31 GMT
Expires: 0
Keep-Alive: timeout=60
Pragma: no-cache
Transfer-Encoding: chunked
X-Content-Type-Options: nosniff
X-Frame-Options: DENY
X-XSS-Protection: 0

<binary>
2026-02-09 21:16:38 WARN  [http-nio-9095-exec-7] org.hibernate.engine.jdbc.spi.SqlExceptionHelper - SQL Error: 1054, SQLState: 42S22
2026-02-09 21:16:38 ERROR [http-nio-9095-exec-7] org.hibernate.engine.jdbc.spi.SqlExceptionHelper - Unknown column 'image' in 'field list'
2026-02-09 21:16:38 ERROR [http-nio-9095-exec-7] org.apache.catalina.core.ContainerBase.[Tomcat].[localhost].[/].[dispatcherServlet] - Servlet.service() for servlet [dispatcherServlet] in context with path [] threw exception [Request processing failed: org.springframework.dao.InvalidDataAccessResourceUsageException: could not execute statement [Unknown column 'image' in 'field list'] [insert into product_aud (revtype,active,created_at,created_by,description,image,manufacture_id,modified_at,modified_by,name,price,rev,id) values (?,?,?,?,?,?,?,?,?,?,?,?,?)]; SQL [insert into product_aud (revtype,active,created_at,created_by,description,image,manufacture_id,modified_at,modified_by,name,price,rev,id) values (?,?,?,?,?,?,?,?,?,?,?,?,?)]] with root cause
java.sql.SQLSyntaxErrorException: Unknown column 'image' in 'field list'
	at com.mysql.cj.jdbc.exceptions.SQLError.createSQLException(SQLError.java:121)
	at com.mysql.cj.jdbc.exceptions.SQLExceptionsMapping.translateException(SQLExceptionsMapping.java:122)
	at com.mysql.cj.jdbc.ClientPreparedStatement.executeInternal(ClientPreparedStatement.java:916)
	at com.mysql.cj.jdbc.ClientPreparedStatement.executeUpdateInternal(ClientPreparedStatement.java:1061)
	at com.mysql.cj.jdbc.ClientPreparedStatement.executeUpdateInternal(ClientPreparedStatement.java:1009)
	at com.mysql.cj.jdbc.ClientPreparedStatement.executeLargeUpdate(ClientPreparedStatement.java:1320)
	at com.mysql.cj.jdbc.ClientPreparedStatement.executeUpdate(ClientPreparedStatement.java:994)
	at com.zaxxer.hikari.pool.ProxyPreparedStatement.executeUpdate(ProxyPreparedStatement.java:61)
	at com.zaxxer.hikari.pool.HikariProxyPreparedStatement.executeUpdate(HikariProxyPreparedStatement.java)
	at org.hibernate.engine.jdbc.internal.ResultSetReturnImpl.executeUpdate(ResultSetReturnImpl.java:194)
	at org.hibernate.engine.jdbc.mutation.internal.AbstractMutationExecutor.performNonBatchedMutation(AbstractMutationExecutor.java:134)
	at org.hibernate.engine.jdbc.mutation.internal.MutationExecutorSingleNonBatched.performNonBatchedOperations(MutationExecutorSingleNonBatched.java:55)
	at org.hibernate.engine.jdbc.mutation.internal.AbstractMutationExecutor.execute(AbstractMutationExecutor.java:55)
	at org.hibernate.persister.entity.mutation.InsertCoordinatorStandard.doStaticInserts(InsertCoordinatorStandard.java:194)
	at org.hibernate.persister.entity.mutation.InsertCoordinatorStandard.coordinateInsert(InsertCoordinatorStandard.java:132)
	at org.hibernate.persister.entity.mutation.InsertCoordinatorStandard.insert(InsertCoordinatorStandard.java:104)
	at org.hibernate.action.internal.EntityInsertAction.execute(EntityInsertAction.java:110)
	at org.hibernate.engine.spi.ActionQueue.executeActions(ActionQueue.java:644)
	at org.hibernate.engine.spi.ActionQueue.executeActions(ActionQueue.java:511)
	at org.hibernate.event.internal.AbstractFlushingEventListener.performExecutions(AbstractFlushingEventListener.java:414)
	at org.hibernate.event.internal.DefaultFlushEventListener.onFlush(DefaultFlushEventListener.java:41)
	at org.hibernate.event.service.internal.EventListenerGroupImpl.fireEventOnEachListener(EventListenerGroupImpl.java:127)
	at org.hibernate.internal.SessionImpl.doFlush(SessionImpl.java:1429)
	at org.hibernate.internal.SessionImpl.flush(SessionImpl.java:1415)
	at org.hibernate.envers.internal.synchronization.AuditProcess.doBeforeTransactionCompletion(AuditProcess.java:178)
	at org.hibernate.envers.internal.synchronization.AuditProcessManager$1.doBeforeTransactionCompletion(AuditProcessManager.java:47)
	at org.hibernate.engine.spi.ActionQueue$BeforeTransactionCompletionProcessQueue.beforeTransactionCompletion(ActionQueue.java:1027)
	at org.hibernate.engine.spi.ActionQueue.beforeTransactionCompletion(ActionQueue.java:557)
	at org.hibernate.internal.SessionImpl.beforeTransactionCompletion(SessionImpl.java:1979)
	at org.hibernate.engine.jdbc.internal.JdbcCoordinatorImpl.beforeTransactionCompletion(JdbcCoordinatorImpl.java:439)
	at org.hibernate.resource.transaction.backend.jdbc.internal.JdbcResourceLocalTransactionCoordinatorImpl.beforeCompletionCallback(JdbcResourceLocalTransactionCoordinatorImpl.java:169)
	at org.hibernate.resource.transaction.backend.jdbc.internal.JdbcResourceLocalTransactionCoordinatorImpl$TransactionDriverControlImpl.commit(JdbcResourceLocalTransactionCoordinatorImpl.java:267)
	at org.hibernate.engine.transaction.internal.TransactionImpl.commit(TransactionImpl.java:101)
	at org.springframework.orm.jpa.JpaTransactionManager.doCommit(JpaTransactionManager.java:562)
	at org.springframework.transaction.support.AbstractPlatformTransactionManager.processCommit(AbstractPlatformTransactionManager.java:795)
	at org.springframework.transaction.support.AbstractPlatformTransactionManager.commit(AbstractPlatformTransactionManager.java:758)
	at org.springframework.transaction.interceptor.TransactionAspectSupport.commitTransactionAfterReturning(TransactionAspectSupport.java:698)
	at org.springframework.transaction.interceptor.TransactionAspectSupport.invokeWithinTransaction(TransactionAspectSupport.java:416)
	at org.springframework.transaction.interceptor.TransactionInterceptor.invoke(TransactionInterceptor.java:119)
	at org.springframework.aop.framework.ReflectiveMethodInvocation.proceed(ReflectiveMethodInvocation.java:184)
	at org.springframework.aop.framework.CglibAopProxy$DynamicAdvisedInterceptor.intercept(CglibAopProxy.java:728)
	at com.example.login.service.ProductService$$SpringCGLIB$$0.updateProduct(<generated>)
	at com.example.login.controller.ProductController.updateProduct(ProductController.java:56)
	at java.base/jdk.internal.reflect.DirectMethodHandleAccessor.invoke(DirectMethodHandleAccessor.java:103)
	at java.base/java.lang.reflect.Method.invoke(Method.java:580)
	at org.springframework.web.method.support.InvocableHandlerMethod.doInvoke(InvocableHandlerMethod.java:258)
	at org.springframework.web.method.support.InvocableHandlerMethod.invokeForRequest(InvocableHandlerMethod.java:191)
	at org.springframework.web.servlet.mvc.method.annotation.ServletInvocableHandlerMethod.invokeAndHandle(ServletInvocableHandlerMethod.java:118)
	at org.springframework.web.servlet.mvc.method.annotation.RequestMappingHandlerAdapter.invokeHandlerMethod(RequestMappingHandlerAdapter.java:986)
	at org.springframework.web.servlet.mvc.method.annotation.RequestMappingHandlerAdapter.handleInternal(RequestMappingHandlerAdapter.java:891)
	at org.springframework.web.servlet.mvc.method.AbstractHandlerMethodAdapter.handle(AbstractHandlerMethodAdapter.java:87)
	at org.springframework.web.servlet.DispatcherServlet.doDispatch(DispatcherServlet.java:1089)
	at org.springframework.web.servlet.DispatcherServlet.doService(DispatcherServlet.java:979)
	at org.springframework.web.servlet.FrameworkServlet.processRequest(FrameworkServlet.java:1014)
	at org.springframework.web.servlet.FrameworkServlet.doPut(FrameworkServlet.java:925)
	at jakarta.servlet.http.HttpServlet.service(HttpServlet.java:593)
	at org.springframework.web.servlet.FrameworkServlet.service(FrameworkServlet.java:885)
	at jakarta.servlet.http.HttpServlet.service(HttpServlet.java:658)
	at org.apache.catalina.core.ApplicationFilterChain.internalDoFilter(ApplicationFilterChain.java:195)
	at org.apache.catalina.core.ApplicationFilterChain.doFilter(ApplicationFilterChain.java:140)
	at org.apache.tomcat.websocket.server.WsFilter.doFilter(WsFilter.java:51)
	at org.apache.catalina.core.ApplicationFilterChain.internalDoFilter(ApplicationFilterChain.java:164)
	at org.apache.catalina.core.ApplicationFilterChain.doFilter(ApplicationFilterChain.java:140)
	at org.zalando.logbook.servlet.LogbookFilter.doFilter(LogbookFilter.java:76)
	at org.zalando.logbook.servlet.HttpFilter.doFilter(HttpFilter.java:32)
	at org.apache.catalina.core.ApplicationFilterChain.internalDoFilter(ApplicationFilterChain.java:164)
	at org.apache.catalina.core.ApplicationFilterChain.doFilter(ApplicationFilterChain.java:140)
	at org.springframework.web.servlet.resource.ResourceUrlEncodingFilter.doFilter(ResourceUrlEncodingFilter.java:66)
	at org.apache.catalina.core.ApplicationFilterChain.internalDoFilter(ApplicationFilterChain.java:164)
	at org.apache.catalina.core.ApplicationFilterChain.doFilter(ApplicationFilterChain.java:140)
	at org.springframework.web.filter.CompositeFilter$VirtualFilterChain.doFilter(CompositeFilter.java:108)
	at org.springframework.web.filter.CompositeFilter$VirtualFilterChain.doFilter(CompositeFilter.java:108)
	at org.springframework.security.web.FilterChainProxy.lambda$doFilterInternal$3(FilterChainProxy.java:231)
	at org.springframework.security.web.FilterChainProxy$VirtualFilterChain.doFilter(FilterChainProxy.java:365)
	at org.springframework.security.web.access.intercept.AuthorizationFilter.doFilter(AuthorizationFilter.java:101)
	at org.springframework.security.web.FilterChainProxy$VirtualFilterChain.doFilter(FilterChainProxy.java:374)
	at org.springframework.security.web.access.ExceptionTranslationFilter.doFilter(ExceptionTranslationFilter.java:125)
	at org.springframework.security.web.access.ExceptionTranslationFilter.doFilter(ExceptionTranslationFilter.java:119)
	at org.springframework.security.web.FilterChainProxy$VirtualFilterChain.doFilter(FilterChainProxy.java:374)
	at org.springframework.security.web.authentication.AnonymousAuthenticationFilter.doFilter(AnonymousAuthenticationFilter.java:100)
	at org.springframework.security.web.FilterChainProxy$VirtualFilterChain.doFilter(FilterChainProxy.java:374)
	at org.springframework.security.web.servletapi.SecurityContextHolderAwareRequestFilter.doFilter(SecurityContextHolderAwareRequestFilter.java:179)
	at org.springframework.security.web.FilterChainProxy$VirtualFilterChain.doFilter(FilterChainProxy.java:374)
	at org.springframework.security.web.savedrequest.RequestCacheAwareFilter.doFilter(RequestCacheAwareFilter.java:63)
	at org.springframework.security.web.FilterChainProxy$VirtualFilterChain.doFilter(FilterChainProxy.java:374)
	at org.springframework.security.web.authentication.logout.LogoutFilter.doFilter(LogoutFilter.java:107)
	at org.springframework.security.web.authentication.logout.LogoutFilter.doFilter(LogoutFilter.java:93)
	at org.springframework.security.web.FilterChainProxy$VirtualFilterChain.doFilter(FilterChainProxy.java:374)
	at org.springframework.security.web.header.HeaderWriterFilter.doHeadersAfter(HeaderWriterFilter.java:90)
	at org.springframework.security.web.header.HeaderWriterFilter.doFilterInternal(HeaderWriterFilter.java:75)
	at org.springframework.web.filter.OncePerRequestFilter.doFilter(OncePerRequestFilter.java:116)
	at org.springframework.security.web.FilterChainProxy$VirtualFilterChain.doFilter(FilterChainProxy.java:374)
	at org.springframework.security.web.context.SecurityContextHolderFilter.doFilter(SecurityContextHolderFilter.java:82)
	at org.springframework.security.web.context.SecurityContextHolderFilter.doFilter(SecurityContextHolderFilter.java:69)
	at org.springframework.security.web.FilterChainProxy$VirtualFilterChain.doFilter(FilterChainProxy.java:374)
	at org.springframework.security.web.context.request.async.WebAsyncManagerIntegrationFilter.doFilterInternal(WebAsyncManagerIntegrationFilter.java:62)
	at org.springframework.web.filter.OncePerRequestFilter.doFilter(OncePerRequestFilter.java:116)
	at org.springframework.security.web.FilterChainProxy$VirtualFilterChain.doFilter(FilterChainProxy.java:374)
	at org.springframework.security.web.session.DisableEncodeUrlFilter.doFilterInternal(DisableEncodeUrlFilter.java:42)
	at org.springframework.web.filter.OncePerRequestFilter.doFilter(OncePerRequestFilter.java:116)
	at org.springframework.security.web.FilterChainProxy$VirtualFilterChain.doFilter(FilterChainProxy.java:374)
	at org.springframework.security.web.FilterChainProxy.doFilterInternal(FilterChainProxy.java:233)
	at org.springframework.security.web.FilterChainProxy.doFilter(FilterChainProxy.java:191)
	at org.springframework.web.filter.CompositeFilter$VirtualFilterChain.doFilter(CompositeFilter.java:113)
	at org.springframework.web.filter.ServletRequestPathFilter.doFilter(ServletRequestPathFilter.java:52)
	at org.springframework.web.filter.CompositeFilter$VirtualFilterChain.doFilter(CompositeFilter.java:113)
	at org.springframework.web.filter.CompositeFilter.doFilter(CompositeFilter.java:74)
	at org.springframework.security.config.annotation.web.configuration.WebSecurityConfiguration$CompositeFilterChainProxy.doFilter(WebSecurityConfiguration.java:319)
	at org.springframework.web.filter.CompositeFilter$VirtualFilterChain.doFilter(CompositeFilter.java:113)
	at org.springframework.web.servlet.handler.HandlerMappingIntrospector.lambda$createCacheFilter$4(HandlerMappingIntrospector.java:267)
	at org.springframework.web.filter.CompositeFilter$VirtualFilterChain.doFilter(CompositeFilter.java:113)
	at org.springframework.web.filter.CompositeFilter.doFilter(CompositeFilter.java:74)
	at org.springframework.security.config.annotation.web.configuration.WebMvcSecurityConfiguration$CompositeFilterChainProxy.doFilter(WebMvcSecurityConfiguration.java:240)
	at org.springframework.web.filter.DelegatingFilterProxy.invokeDelegate(DelegatingFilterProxy.java:362)
	at org.springframework.web.filter.DelegatingFilterProxy.doFilter(DelegatingFilterProxy.java:278)
	at org.apache.catalina.core.ApplicationFilterChain.internalDoFilter(ApplicationFilterChain.java:164)
	at org.apache.catalina.core.ApplicationFilterChain.doFilter(ApplicationFilterChain.java:140)
	at org.springframework.web.filter.RequestContextFilter.doFilterInternal(RequestContextFilter.java:100)
	at org.springframework.web.filter.OncePerRequestFilter.doFilter(OncePerRequestFilter.java:116)
	at org.apache.catalina.core.ApplicationFilterChain.internalDoFilter(ApplicationFilterChain.java:164)
	at org.apache.catalina.core.ApplicationFilterChain.doFilter(ApplicationFilterChain.java:140)
	at org.springframework.web.filter.FormContentFilter.doFilterInternal(FormContentFilter.java:93)
	at org.springframework.web.filter.OncePerRequestFilter.doFilter(OncePerRequestFilter.java:116)
	at org.apache.catalina.core.ApplicationFilterChain.internalDoFilter(ApplicationFilterChain.java:164)
	at org.apache.catalina.core.ApplicationFilterChain.doFilter(ApplicationFilterChain.java:140)
	at org.zalando.logbook.servlet.LogbookFilter.doFilter(LogbookFilter.java:76)
	at org.zalando.logbook.servlet.SecureLogbookFilter.doFilter(SecureLogbookFilter.java:32)
	at org.zalando.logbook.servlet.HttpFilter.doFilter(HttpFilter.java:32)
	at org.apache.catalina.core.ApplicationFilterChain.internalDoFilter(ApplicationFilterChain.java:164)
	at org.apache.catalina.core.ApplicationFilterChain.doFilter(ApplicationFilterChain.java:140)
	at org.springframework.web.filter.CharacterEncodingFilter.doFilterInternal(CharacterEncodingFilter.java:201)
	at org.springframework.web.filter.OncePerRequestFilter.doFilter(OncePerRequestFilter.java:116)
	at org.apache.catalina.core.ApplicationFilterChain.internalDoFilter(ApplicationFilterChain.java:164)
	at org.apache.catalina.core.ApplicationFilterChain.doFilter(ApplicationFilterChain.java:140)
	at org.apache.catalina.core.StandardWrapperValve.invoke(StandardWrapperValve.java:167)
	at org.apache.catalina.core.StandardContextValve.invoke(StandardContextValve.java:90)
	at org.apache.catalina.authenticator.AuthenticatorBase.invoke(AuthenticatorBase.java:483)
	at org.apache.catalina.core.StandardHostValve.invoke(StandardHostValve.java:116)
	at org.apache.catalina.valves.ErrorReportValve.invoke(ErrorReportValve.java:93)
	at org.apache.catalina.core.StandardEngineValve.invoke(StandardEngineValve.java:74)
	at org.apache.catalina.connector.CoyoteAdapter.service(CoyoteAdapter.java:344)
	at org.apache.coyote.http11.Http11Processor.service(Http11Processor.java:398)
	at org.apache.coyote.AbstractProcessorLight.process(AbstractProcessorLight.java:63)
	at org.apache.coyote.AbstractProtocol$ConnectionHandler.process(AbstractProtocol.java:903)
	at org.apache.tomcat.util.net.NioEndpoint$SocketProcessor.doRun(NioEndpoint.java:1769)
	at org.apache.tomcat.util.net.SocketProcessorBase.run(SocketProcessorBase.java:52)
	at org.apache.tomcat.util.threads.ThreadPoolExecutor.runWorker(ThreadPoolExecutor.java:1189)
	at org.apache.tomcat.util.threads.ThreadPoolExecutor$Worker.run(ThreadPoolExecutor.java:658)
	at org.apache.tomcat.util.threads.TaskThread$WrappingRunnable.run(TaskThread.java:63)
	at java.base/java.lang.Thread.run(Thread.java:1583)
2026-02-09 21:16:48 WARN  [http-nio-9095-exec-3] org.hibernate.engine.jdbc.spi.SqlExceptionHelper - SQL Error: 1054, SQLState: 42S22
2026-02-09 21:16:48 ERROR [http-nio-9095-exec-3] org.hibernate.engine.jdbc.spi.SqlExceptionHelper - Unknown column 'image' in 'field list'
2026-02-09 21:16:48 ERROR [http-nio-9095-exec-3] org.apache.catalina.core.ContainerBase.[Tomcat].[localhost].[/].[dispatcherServlet] - Servlet.service() for servlet [dispatcherServlet] in context with path [] threw exception [Request processing failed: org.springframework.dao.InvalidDataAccessResourceUsageException: could not execute statement [Unknown column 'image' in 'field list'] [insert into product_aud (revtype,active,created_at,created_by,description,image,manufacture_id,modified_at,modified_by,name,price,rev,id) values (?,?,?,?,?,?,?,?,?,?,?,?,?)]; SQL [insert into product_aud (revtype,active,created_at,created_by,description,image,manufacture_id,modified_at,modified_by,name,price,rev,id) values (?,?,?,?,?,?,?,?,?,?,?,?,?)]] with root cause
java.sql.SQLSyntaxErrorException: Unknown column 'image' in 'field list'
	at com.mysql.cj.jdbc.exceptions.SQLError.createSQLException(SQLError.java:121)
	at com.mysql.cj.jdbc.exceptions.SQLExceptionsMapping.translateException(SQLExceptionsMapping.java:122)
	at com.mysql.cj.jdbc.ClientPreparedStatement.executeInternal(ClientPreparedStatement.java:916)
	at com.mysql.cj.jdbc.ClientPreparedStatement.executeUpdateInternal(ClientPreparedStatement.java:1061)
	at com.mysql.cj.jdbc.ClientPreparedStatement.executeUpdateInternal(ClientPreparedStatement.java:1009)
	at com.mysql.cj.jdbc.ClientPreparedStatement.executeLargeUpdate(ClientPreparedStatement.java:1320)
	at com.mysql.cj.jdbc.ClientPreparedStatement.executeUpdate(ClientPreparedStatement.java:994)
	at com.zaxxer.hikari.pool.ProxyPreparedStatement.executeUpdate(ProxyPreparedStatement.java:61)
	at com.zaxxer.hikari.pool.HikariProxyPreparedStatement.executeUpdate(HikariProxyPreparedStatement.java)
	at org.hibernate.engine.jdbc.internal.ResultSetReturnImpl.executeUpdate(ResultSetReturnImpl.java:194)
	at org.hibernate.engine.jdbc.mutation.internal.AbstractMutationExecutor.performNonBatchedMutation(AbstractMutationExecutor.java:134)
	at org.hibernate.engine.jdbc.mutation.internal.MutationExecutorSingleNonBatched.performNonBatchedOperations(MutationExecutorSingleNonBatched.java:55)
	at org.hibernate.engine.jdbc.mutation.internal.AbstractMutationExecutor.execute(AbstractMutationExecutor.java:55)
	at org.hibernate.persister.entity.mutation.InsertCoordinatorStandard.doStaticInserts(InsertCoordinatorStandard.java:194)
	at org.hibernate.persister.entity.mutation.InsertCoordinatorStandard.coordinateInsert(InsertCoordinatorStandard.java:132)
	at org.hibernate.persister.entity.mutation.InsertCoordinatorStandard.insert(InsertCoordinatorStandard.java:104)
	at org.hibernate.action.internal.EntityInsertAction.execute(EntityInsertAction.java:110)
	at org.hibernate.engine.spi.ActionQueue.executeActions(ActionQueue.java:644)
	at org.hibernate.engine.spi.ActionQueue.executeActions(ActionQueue.java:511)
	at org.hibernate.event.internal.AbstractFlushingEventListener.performExecutions(AbstractFlushingEventListener.java:414)
	at org.hibernate.event.internal.DefaultFlushEventListener.onFlush(DefaultFlushEventListener.java:41)
	at org.hibernate.event.service.internal.EventListenerGroupImpl.fireEventOnEachListener(EventListenerGroupImpl.java:127)
	at org.hibernate.internal.SessionImpl.doFlush(SessionImpl.java:1429)
	at org.hibernate.internal.SessionImpl.flush(SessionImpl.java:1415)
	at org.hibernate.envers.internal.synchronization.AuditProcess.doBeforeTransactionCompletion(AuditProcess.java:178)
	at org.hibernate.envers.internal.synchronization.AuditProcessManager$1.doBeforeTransactionCompletion(AuditProcessManager.java:47)
	at org.hibernate.engine.spi.ActionQueue$BeforeTransactionCompletionProcessQueue.beforeTransactionCompletion(ActionQueue.java:1027)
	at org.hibernate.engine.spi.ActionQueue.beforeTransactionCompletion(ActionQueue.java:557)
	at org.hibernate.internal.SessionImpl.beforeTransactionCompletion(SessionImpl.java:1979)
	at org.hibernate.engine.jdbc.internal.JdbcCoordinatorImpl.beforeTransactionCompletion(JdbcCoordinatorImpl.java:439)
	at org.hibernate.resource.transaction.backend.jdbc.internal.JdbcResourceLocalTransactionCoordinatorImpl.beforeCompletionCallback(JdbcResourceLocalTransactionCoordinatorImpl.java:169)
	at org.hibernate.resource.transaction.backend.jdbc.internal.JdbcResourceLocalTransactionCoordinatorImpl$TransactionDriverControlImpl.commit(JdbcResourceLocalTransactionCoordinatorImpl.java:267)
	at org.hibernate.engine.transaction.internal.TransactionImpl.commit(TransactionImpl.java:101)
	at org.springframework.orm.jpa.JpaTransactionManager.doCommit(JpaTransactionManager.java:562)
	at org.springframework.transaction.support.AbstractPlatformTransactionManager.processCommit(AbstractPlatformTransactionManager.java:795)
	at org.springframework.transaction.support.AbstractPlatformTransactionManager.commit(AbstractPlatformTransactionManager.java:758)
	at org.springframework.transaction.interceptor.TransactionAspectSupport.commitTransactionAfterReturning(TransactionAspectSupport.java:698)
	at org.springframework.transaction.interceptor.TransactionAspectSupport.invokeWithinTransaction(TransactionAspectSupport.java:416)
	at org.springframework.transaction.interceptor.TransactionInterceptor.invoke(TransactionInterceptor.java:119)
	at org.springframework.aop.framework.ReflectiveMethodInvocation.proceed(ReflectiveMethodInvocation.java:184)
	at org.springframework.aop.framework.CglibAopProxy$DynamicAdvisedInterceptor.intercept(CglibAopProxy.java:728)
	at com.example.login.service.ProductService$$SpringCGLIB$$0.updateProduct(<generated>)
	at com.example.login.controller.ProductController.updateProduct(ProductController.java:56)
	at java.base/jdk.internal.reflect.DirectMethodHandleAccessor.invoke(DirectMethodHandleAccessor.java:103)
	at java.base/java.lang.reflect.Method.invoke(Method.java:580)
	at org.springframework.web.method.support.InvocableHandlerMethod.doInvoke(InvocableHandlerMethod.java:258)
	at org.springframework.web.method.support.InvocableHandlerMethod.invokeForRequest(InvocableHandlerMethod.java:191)
	at org.springframework.web.servlet.mvc.method.annotation.ServletInvocableHandlerMethod.invokeAndHandle(ServletInvocableHandlerMethod.java:118)
	at org.springframework.web.servlet.mvc.method.annotation.RequestMappingHandlerAdapter.invokeHandlerMethod(RequestMappingHandlerAdapter.java:986)
	at org.springframework.web.servlet.mvc.method.annotation.RequestMappingHandlerAdapter.handleInternal(RequestMappingHandlerAdapter.java:891)
	at org.springframework.web.servlet.mvc.method.AbstractHandlerMethodAdapter.handle(AbstractHandlerMethodAdapter.java:87)
	at org.springframework.web.servlet.DispatcherServlet.doDispatch(DispatcherServlet.java:1089)
	at org.springframework.web.servlet.DispatcherServlet.doService(DispatcherServlet.java:979)
	at org.springframework.web.servlet.FrameworkServlet.processRequest(FrameworkServlet.java:1014)
	at org.springframework.web.servlet.FrameworkServlet.doPut(FrameworkServlet.java:925)
	at jakarta.servlet.http.HttpServlet.service(HttpServlet.java:593)
	at org.springframework.web.servlet.FrameworkServlet.service(FrameworkServlet.java:885)
	at jakarta.servlet.http.HttpServlet.service(HttpServlet.java:658)
	at org.apache.catalina.core.ApplicationFilterChain.internalDoFilter(ApplicationFilterChain.java:195)
	at org.apache.catalina.core.ApplicationFilterChain.doFilter(ApplicationFilterChain.java:140)
	at org.apache.tomcat.websocket.server.WsFilter.doFilter(WsFilter.java:51)
	at org.apache.catalina.core.ApplicationFilterChain.internalDoFilter(ApplicationFilterChain.java:164)
	at org.apache.catalina.core.ApplicationFilterChain.doFilter(ApplicationFilterChain.java:140)
	at org.zalando.logbook.servlet.LogbookFilter.doFilter(LogbookFilter.java:76)
	at org.zalando.logbook.servlet.HttpFilter.doFilter(HttpFilter.java:32)
	at org.apache.catalina.core.ApplicationFilterChain.internalDoFilter(ApplicationFilterChain.java:164)
	at org.apache.catalina.core.ApplicationFilterChain.doFilter(ApplicationFilterChain.java:140)
	at org.springframework.web.servlet.resource.ResourceUrlEncodingFilter.doFilter(ResourceUrlEncodingFilter.java:66)
	at org.apache.catalina.core.ApplicationFilterChain.internalDoFilter(ApplicationFilterChain.java:164)
	at org.apache.catalina.core.ApplicationFilterChain.doFilter(ApplicationFilterChain.java:140)
	at org.springframework.web.filter.CompositeFilter$VirtualFilterChain.doFilter(CompositeFilter.java:108)
	at org.springframework.web.filter.CompositeFilter$VirtualFilterChain.doFilter(CompositeFilter.java:108)
	at org.springframework.security.web.FilterChainProxy.lambda$doFilterInternal$3(FilterChainProxy.java:231)
	at org.springframework.security.web.FilterChainProxy$VirtualFilterChain.doFilter(FilterChainProxy.java:365)
	at org.springframework.security.web.access.intercept.AuthorizationFilter.doFilter(AuthorizationFilter.java:101)
	at org.springframework.security.web.FilterChainProxy$VirtualFilterChain.doFilter(FilterChainProxy.java:374)
	at org.springframework.security.web.access.ExceptionTranslationFilter.doFilter(ExceptionTranslationFilter.java:125)
	at org.springframework.security.web.access.ExceptionTranslationFilter.doFilter(ExceptionTranslationFilter.java:119)
	at org.springframework.security.web.FilterChainProxy$VirtualFilterChain.doFilter(FilterChainProxy.java:374)
	at org.springframework.security.web.authentication.AnonymousAuthenticationFilter.doFilter(AnonymousAuthenticationFilter.java:100)
	at org.springframework.security.web.FilterChainProxy$VirtualFilterChain.doFilter(FilterChainProxy.java:374)
	at org.springframework.security.web.servletapi.SecurityContextHolderAwareRequestFilter.doFilter(SecurityContextHolderAwareRequestFilter.java:179)
	at org.springframework.security.web.FilterChainProxy$VirtualFilterChain.doFilter(FilterChainProxy.java:374)
	at org.springframework.security.web.savedrequest.RequestCacheAwareFilter.doFilter(RequestCacheAwareFilter.java:63)
	at org.springframework.security.web.FilterChainProxy$VirtualFilterChain.doFilter(FilterChainProxy.java:374)
	at org.springframework.security.web.authentication.logout.LogoutFilter.doFilter(LogoutFilter.java:107)
	at org.springframework.security.web.authentication.logout.LogoutFilter.doFilter(LogoutFilter.java:93)
	at org.springframework.security.web.FilterChainProxy$VirtualFilterChain.doFilter(FilterChainProxy.java:374)
	at org.springframework.security.web.header.HeaderWriterFilter.doHeadersAfter(HeaderWriterFilter.java:90)
	at org.springframework.security.web.header.HeaderWriterFilter.doFilterInternal(HeaderWriterFilter.java:75)
	at org.springframework.web.filter.OncePerRequestFilter.doFilter(OncePerRequestFilter.java:116)
	at org.springframework.security.web.FilterChainProxy$VirtualFilterChain.doFilter(FilterChainProxy.java:374)
	at org.springframework.security.web.context.SecurityContextHolderFilter.doFilter(SecurityContextHolderFilter.java:82)
	at org.springframework.security.web.context.SecurityContextHolderFilter.doFilter(SecurityContextHolderFilter.java:69)
	at org.springframework.security.web.FilterChainProxy$VirtualFilterChain.doFilter(FilterChainProxy.java:374)
	at org.springframework.security.web.context.request.async.WebAsyncManagerIntegrationFilter.doFilterInternal(WebAsyncManagerIntegrationFilter.java:62)
	at org.springframework.web.filter.OncePerRequestFilter.doFilter(OncePerRequestFilter.java:116)
	at org.springframework.security.web.FilterChainProxy$VirtualFilterChain.doFilter(FilterChainProxy.java:374)
	at org.springframework.security.web.session.DisableEncodeUrlFilter.doFilterInternal(DisableEncodeUrlFilter.java:42)
	at org.springframework.web.filter.OncePerRequestFilter.doFilter(OncePerRequestFilter.java:116)
	at org.springframework.security.web.FilterChainProxy$VirtualFilterChain.doFilter(FilterChainProxy.java:374)
	at org.springframework.security.web.FilterChainProxy.doFilterInternal(FilterChainProxy.java:233)
	at org.springframework.security.web.FilterChainProxy.doFilter(FilterChainProxy.java:191)
	at org.springframework.web.filter.CompositeFilter$VirtualFilterChain.doFilter(CompositeFilter.java:113)
	at org.springframework.web.filter.ServletRequestPathFilter.doFilter(ServletRequestPathFilter.java:52)
	at org.springframework.web.filter.CompositeFilter$VirtualFilterChain.doFilter(CompositeFilter.java:113)
	at org.springframework.web.filter.CompositeFilter.doFilter(CompositeFilter.java:74)
	at org.springframework.security.config.annotation.web.configuration.WebSecurityConfiguration$CompositeFilterChainProxy.doFilter(WebSecurityConfiguration.java:319)
	at org.springframework.web.filter.CompositeFilter$VirtualFilterChain.doFilter(CompositeFilter.java:113)
	at org.springframework.web.servlet.handler.HandlerMappingIntrospector.lambda$createCacheFilter$4(HandlerMappingIntrospector.java:267)
	at org.springframework.web.filter.CompositeFilter$VirtualFilterChain.doFilter(CompositeFilter.java:113)
	at org.springframework.web.filter.CompositeFilter.doFilter(CompositeFilter.java:74)
	at org.springframework.security.config.annotation.web.configuration.WebMvcSecurityConfiguration$CompositeFilterChainProxy.doFilter(WebMvcSecurityConfiguration.java:240)
	at org.springframework.web.filter.DelegatingFilterProxy.invokeDelegate(DelegatingFilterProxy.java:362)
	at org.springframework.web.filter.DelegatingFilterProxy.doFilter(DelegatingFilterProxy.java:278)
	at org.apache.catalina.core.ApplicationFilterChain.internalDoFilter(ApplicationFilterChain.java:164)
	at org.apache.catalina.core.ApplicationFilterChain.doFilter(ApplicationFilterChain.java:140)
	at org.springframework.web.filter.RequestContextFilter.doFilterInternal(RequestContextFilter.java:100)
	at org.springframework.web.filter.OncePerRequestFilter.doFilter(OncePerRequestFilter.java:116)
	at org.apache.catalina.core.ApplicationFilterChain.internalDoFilter(ApplicationFilterChain.java:164)
	at org.apache.catalina.core.ApplicationFilterChain.doFilter(ApplicationFilterChain.java:140)
	at org.springframework.web.filter.FormContentFilter.doFilterInternal(FormContentFilter.java:93)
	at org.springframework.web.filter.OncePerRequestFilter.doFilter(OncePerRequestFilter.java:116)
	at org.apache.catalina.core.ApplicationFilterChain.internalDoFilter(ApplicationFilterChain.java:164)
	at org.apache.catalina.core.ApplicationFilterChain.doFilter(ApplicationFilterChain.java:140)
	at org.zalando.logbook.servlet.LogbookFilter.doFilter(LogbookFilter.java:76)
	at org.zalando.logbook.servlet.SecureLogbookFilter.doFilter(SecureLogbookFilter.java:32)
	at org.zalando.logbook.servlet.HttpFilter.doFilter(HttpFilter.java:32)
	at org.apache.catalina.core.ApplicationFilterChain.internalDoFilter(ApplicationFilterChain.java:164)
	at org.apache.catalina.core.ApplicationFilterChain.doFilter(ApplicationFilterChain.java:140)
	at org.springframework.web.filter.CharacterEncodingFilter.doFilterInternal(CharacterEncodingFilter.java:201)
	at org.springframework.web.filter.OncePerRequestFilter.doFilter(OncePerRequestFilter.java:116)
	at org.apache.catalina.core.ApplicationFilterChain.internalDoFilter(ApplicationFilterChain.java:164)
	at org.apache.catalina.core.ApplicationFilterChain.doFilter(ApplicationFilterChain.java:140)
	at org.apache.catalina.core.StandardWrapperValve.invoke(StandardWrapperValve.java:167)
	at org.apache.catalina.core.StandardContextValve.invoke(StandardContextValve.java:90)
	at org.apache.catalina.authenticator.AuthenticatorBase.invoke(AuthenticatorBase.java:483)
	at org.apache.catalina.core.StandardHostValve.invoke(StandardHostValve.java:116)
	at org.apache.catalina.valves.ErrorReportValve.invoke(ErrorReportValve.java:93)
	at org.apache.catalina.core.StandardEngineValve.invoke(StandardEngineValve.java:74)
	at org.apache.catalina.connector.CoyoteAdapter.service(CoyoteAdapter.java:344)
	at org.apache.coyote.http11.Http11Processor.service(Http11Processor.java:398)
	at org.apache.coyote.AbstractProcessorLight.process(AbstractProcessorLight.java:63)
	at org.apache.coyote.AbstractProtocol$ConnectionHandler.process(AbstractProtocol.java:903)
	at org.apache.tomcat.util.net.NioEndpoint$SocketProcessor.doRun(NioEndpoint.java:1769)
	at org.apache.tomcat.util.net.SocketProcessorBase.run(SocketProcessorBase.java:52)
	at org.apache.tomcat.util.threads.ThreadPoolExecutor.runWorker(ThreadPoolExecutor.java:1189)
	at org.apache.tomcat.util.threads.ThreadPoolExecutor$Worker.run(ThreadPoolExecutor.java:658)
	at org.apache.tomcat.util.threads.TaskThread$WrappingRunnable.run(TaskThread.java:63)
	at java.base/java.lang.Thread.run(Thread.java:1583)
2026-02-09 21:20:27 INFO  [RMI TCP Connection(10)-127.0.0.1] org.springframework.boot.admin.SpringApplicationAdminMXBeanRegistrar$SpringApplicationAdmin - Application shutdown requested.
2026-02-09 21:20:27 INFO  [RMI TCP Connection(10)-127.0.0.1] org.springframework.boot.web.embedded.tomcat.GracefulShutdown - Commencing graceful shutdown. Waiting for active requests to complete
2026-02-09 21:20:27 INFO  [tomcat-shutdown] org.apache.coyote.http11.Http11NioProtocol - Pausing ProtocolHandler ["http-nio-9095"]
2026-02-09 21:20:27 INFO  [tomcat-shutdown] org.springframework.boot.web.embedded.tomcat.GracefulShutdown - Graceful shutdown complete
2026-02-09 21:20:27 INFO  [RMI TCP Connection(10)-127.0.0.1] org.apache.coyote.http11.Http11NioProtocol - Stopping ProtocolHandler ["http-nio-9095"]
2026-02-09 21:20:27 INFO  [RMI TCP Connection(10)-127.0.0.1] org.springframework.orm.jpa.LocalContainerEntityManagerFactoryBean - Closing JPA EntityManagerFactory for persistence unit 'default'
2026-02-09 21:20:27 INFO  [RMI TCP Connection(10)-127.0.0.1] com.zaxxer.hikari.HikariDataSource - HikariPool-1 - Shutdown initiated...
2026-02-09 21:20:27 INFO  [RMI TCP Connection(10)-127.0.0.1] com.zaxxer.hikari.HikariDataSource - HikariPool-1 - Shutdown completed.
2026-02-09 21:20:34 INFO  [background-preinit] org.hibernate.validator.internal.util.Version - HV000001: Hibernate Validator 8.0.2.Final
2026-02-09 21:20:34 INFO  [main] com.example.login.LoginProjectApplication - Starting LoginProjectApplication using Java 21.0.6 with PID 30448 (C:\Users\20251\OneDrive\Desktop\JavaProject\Login_Project\target\classes started by 20251 in C:\Users\20251\OneDrive\Desktop\JavaProject\Login_Project)
2026-02-09 21:20:34 INFO  [main] com.example.login.LoginProjectApplication - No active profile set, falling back to 1 default profile: "default"
2026-02-09 21:20:35 INFO  [main] org.springframework.data.repository.config.RepositoryConfigurationDelegate - Bootstrapping Spring Data JPA repositories in DEFAULT mode.
2026-02-09 21:20:35 INFO  [main] org.springframework.data.repository.config.RepositoryConfigurationDelegate - Finished Spring Data repository scanning in 40 ms. Found 3 JPA repository interfaces.
2026-02-09 21:20:36 INFO  [main] org.springframework.boot.web.embedded.tomcat.TomcatWebServer - Tomcat initialized with port 9095 (http)
2026-02-09 21:20:36 INFO  [main] org.apache.coyote.http11.Http11NioProtocol - Initializing ProtocolHandler ["http-nio-9095"]
2026-02-09 21:20:36 INFO  [main] org.apache.catalina.core.StandardService - Starting service [Tomcat]
2026-02-09 21:20:36 INFO  [main] org.apache.catalina.core.StandardEngine - Starting Servlet engine: [Apache Tomcat/10.1.42]
2026-02-09 21:20:36 INFO  [main] org.apache.catalina.core.ContainerBase.[Tomcat].[localhost].[/] - Initializing Spring embedded WebApplicationContext
2026-02-09 21:20:36 INFO  [main] org.springframework.boot.web.servlet.context.ServletWebServerApplicationContext - Root WebApplicationContext: initialization completed in 1554 ms
2026-02-09 21:20:36 INFO  [main] com.zaxxer.hikari.HikariDataSource - HikariPool-1 - Starting...
2026-02-09 21:20:36 INFO  [main] com.zaxxer.hikari.pool.HikariPool - HikariPool-1 - Added connection com.mysql.cj.jdbc.ConnectionImpl@16fc5622
2026-02-09 21:20:36 INFO  [main] com.zaxxer.hikari.HikariDataSource - HikariPool-1 - Start completed.
2026-02-09 21:20:36 INFO  [main] org.flywaydb.core.FlywayExecutor - Database: jdbc:mysql://localhost:3306/users?useSSL=false&allowPublicKeyRetrieval=true&serverTimezone=UTC (MySQL 8.0)
2026-02-09 21:20:37 INFO  [main] org.flywaydb.core.internal.command.DbValidate - Successfully validated 11 migrations (execution time 00:00.038s)
2026-02-09 21:20:37 INFO  [main] org.flywaydb.core.internal.command.DbMigrate - Current version of schema `users`: 10
2026-02-09 21:20:37 INFO  [main] org.flywaydb.core.internal.command.DbMigrate - Migrating schema `users` to version "11 - add image to audit table"
2026-02-09 21:20:37 INFO  [main] org.flywaydb.core.internal.command.DbMigrate - Successfully applied 1 migration to schema `users`, now at version v11 (execution time 00:00.077s)
2026-02-09 21:20:37 INFO  [main] org.hibernate.jpa.internal.util.LogHelper - HHH000204: Processing PersistenceUnitInfo [name: default]
2026-02-09 21:20:37 INFO  [main] org.hibernate.Version - HHH000412: Hibernate ORM core version 6.6.18.Final
2026-02-09 21:20:37 INFO  [main] org.hibernate.cache.internal.RegionFactoryInitiator - HHH000026: Second-level cache disabled
2026-02-09 21:20:37 INFO  [main] org.hibernate.envers.boot.internal.EnversServiceImpl - Envers integration enabled? : true
2026-02-09 21:20:37 INFO  [main] org.springframework.orm.jpa.persistenceunit.SpringPersistenceUnitInfo - No LoadTimeWeaver setup: ignoring JPA class transformer
2026-02-09 21:20:37 INFO  [main] org.hibernate.orm.connections.pooling - HHH10001005: Database info:
	Database JDBC URL [Connecting through datasource 'HikariDataSource (HikariPool-1)']
	Database driver: undefined/unknown
	Database version: 8.0.43
	Autocommit mode: undefined/unknown
	Isolation level: undefined/unknown
	Minimum pool size: undefined/unknown
	Maximum pool size: undefined/unknown
2026-02-09 21:20:37 DEBUG [main] org.hibernate.envers.configuration.internal.metadata.AuditMetadataGenerator - Generating first-pass auditing mapping for entity com.example.login.entity.Product
2026-02-09 21:20:37 INFO  [main] org.hibernate.envers.configuration.internal.metadata.AuditMetadataGenerator - Adding properties for entity: com.example.login.entity.Product
2026-02-09 21:20:37 DEBUG [main] org.hibernate.envers.configuration.internal.metadata.AuditMetadataGenerator - Generating first-pass auditing mapping for entity com.example.login.entity.Manufacture
2026-02-09 21:20:37 INFO  [main] org.hibernate.envers.configuration.internal.metadata.AuditMetadataGenerator - Adding properties for entity: com.example.login.entity.Manufacture
2026-02-09 21:20:37 DEBUG [main] org.hibernate.envers.configuration.internal.metadata.AuditMetadataGenerator - Generating second-pass auditing mapping for entity com.example.login.entity.Product
2026-02-09 21:20:38 DEBUG [main] org.hibernate.envers.configuration.internal.metadata.AuditMetadataGenerator - Generating second-pass auditing mapping for entity com.example.login.entity.Manufacture
2026-02-09 21:20:38 DEBUG [main] org.hibernate.envers.configuration.internal.metadata.JoinColumnCollectionMetadataGenerator - Adding audit mapping for property com.example.login.entity.Manufacture.products: one-to-many collection, using a join column on the referenced entity
2026-02-09 21:20:38 INFO  [main] org.hibernate.engine.transaction.jta.platform.internal.JtaPlatformInitiator - HHH000489: No JTA platform available (set 'hibernate.transaction.jta.platform' to enable JTA platform integration)
2026-02-09 21:20:38 INFO  [main] org.springframework.orm.jpa.LocalContainerEntityManagerFactoryBean - Initialized JPA EntityManagerFactory for persistence unit 'default'
2026-02-09 21:20:39 WARN  [main] org.springframework.boot.autoconfigure.orm.jpa.JpaBaseConfiguration$JpaWebConfiguration - spring.jpa.open-in-view is enabled by default. Therefore, database queries may be performed during view rendering. Explicitly configure spring.jpa.open-in-view to disable this warning
2026-02-09 21:20:39 INFO  [main] org.springframework.security.config.annotation.authentication.configuration.InitializeUserDetailsBeanManagerConfigurer$InitializeUserDetailsManagerConfigurer - Global AuthenticationManager configured with UserDetailsService bean with name customUserDetailsService
2026-02-09 21:20:39 INFO  [main] org.apache.coyote.http11.Http11NioProtocol - Starting ProtocolHandler ["http-nio-9095"]
2026-02-09 21:20:39 INFO  [main] org.springframework.boot.web.embedded.tomcat.TomcatWebServer - Tomcat started on port 9095 (http) with context path '/'
2026-02-09 21:20:39 INFO  [main] com.example.login.LoginProjectApplication - Started LoginProjectApplication in 5.671 seconds (process running for 6.246)
2026-02-09 21:20:45 INFO  [http-nio-9095-exec-1] org.apache.catalina.core.ContainerBase.[Tomcat].[localhost].[/] - Initializing Spring DispatcherServlet 'dispatcherServlet'
2026-02-09 21:20:45 INFO  [http-nio-9095-exec-1] org.springframework.web.servlet.DispatcherServlet - Initializing Servlet 'dispatcherServlet'
2026-02-09 21:20:45 INFO  [http-nio-9095-exec-1] org.springframework.web.servlet.DispatcherServlet - Completed initialization in 1 ms
2026-02-09 21:20:56 INFO  [http-nio-9095-exec-10] com.example.login.controller.ProductPageController - Request list products page=0, size=4
2026-02-09 21:20:56 INFO  [http-nio-9095-exec-10] com.example.login.service.ProductService - Load products page=0, size=4
2026-02-09 21:20:56 TRACE [http-nio-9095-exec-3] org.zalando.logbook.Logbook - Incoming Request: ca7627a64e2d43a0
Remote: 0:0:0:0:0:0:0:1
GET http://localhost:9095/api/products/image/15 HTTP/1.1
accept: image/avif,image/webp,image/apng,image/svg+xml,image/*,*/*;q=0.8
accept-encoding: gzip, deflate, br, zstd
accept-language: ja,en-US;q=0.9,en;q=0.8,vi;q=0.7
authorization: XXX
connection: keep-alive
cookie: XXX
host: localhost:9095
referer: http://localhost:9095/products
sec-ch-ua: "Not(A:Brand";v="8", "Chromium";v="144", "Google Chrome";v="144"
sec-ch-ua-mobile: ?1
sec-ch-ua-platform: "Android"
sec-fetch-dest: image
sec-fetch-mode: no-cors
sec-fetch-site: same-origin
user-agent: Mozilla/5.0 (Linux; Android 6.0; Nexus 5 Build/MRA58N) AppleWebKit/537.36 (KHTML, like Gecko) Chrome/144.0.0.0 Mobile Safari/537.36
2026-02-09 21:20:56 TRACE [http-nio-9095-exec-2] org.zalando.logbook.Logbook - Incoming Request: f6733920a5885f16
Remote: 0:0:0:0:0:0:0:1
GET http://localhost:9095/api/products/image/12 HTTP/1.1
accept: image/avif,image/webp,image/apng,image/svg+xml,image/*,*/*;q=0.8
accept-encoding: gzip, deflate, br, zstd
accept-language: ja,en-US;q=0.9,en;q=0.8,vi;q=0.7
authorization: XXX
connection: keep-alive
cookie: XXX
host: localhost:9095
referer: http://localhost:9095/products
sec-ch-ua: "Not(A:Brand";v="8", "Chromium";v="144", "Google Chrome";v="144"
sec-ch-ua-mobile: ?1
sec-ch-ua-platform: "Android"
sec-fetch-dest: image
sec-fetch-mode: no-cors
sec-fetch-site: same-origin
user-agent: Mozilla/5.0 (Linux; Android 6.0; Nexus 5 Build/MRA58N) AppleWebKit/537.36 (KHTML, like Gecko) Chrome/144.0.0.0 Mobile Safari/537.36
2026-02-09 21:20:56 TRACE [http-nio-9095-exec-7] org.zalando.logbook.Logbook - Incoming Request: 9751b76a20847b9e
Remote: 0:0:0:0:0:0:0:1
GET http://localhost:9095/api/products/image/16 HTTP/1.1
accept: image/avif,image/webp,image/apng,image/svg+xml,image/*,*/*;q=0.8
accept-encoding: gzip, deflate, br, zstd
accept-language: ja,en-US;q=0.9,en;q=0.8,vi;q=0.7
authorization: XXX
connection: keep-alive
cookie: XXX
host: localhost:9095
referer: http://localhost:9095/products
sec-ch-ua: "Not(A:Brand";v="8", "Chromium";v="144", "Google Chrome";v="144"
sec-ch-ua-mobile: ?1
sec-ch-ua-platform: "Android"
sec-fetch-dest: image
sec-fetch-mode: no-cors
sec-fetch-site: same-origin
user-agent: Mozilla/5.0 (Linux; Android 6.0; Nexus 5 Build/MRA58N) AppleWebKit/537.36 (KHTML, like Gecko) Chrome/144.0.0.0 Mobile Safari/537.36
2026-02-09 21:20:56 TRACE [http-nio-9095-exec-4] org.zalando.logbook.Logbook - Incoming Request: d677f2c6b9a5a9fc
Remote: 0:0:0:0:0:0:0:1
GET http://localhost:9095/api/products/image/14 HTTP/1.1
accept: image/avif,image/webp,image/apng,image/svg+xml,image/*,*/*;q=0.8
accept-encoding: gzip, deflate, br, zstd
accept-language: ja,en-US;q=0.9,en;q=0.8,vi;q=0.7
authorization: XXX
connection: keep-alive
cookie: XXX
host: localhost:9095
referer: http://localhost:9095/products
sec-ch-ua: "Not(A:Brand";v="8", "Chromium";v="144", "Google Chrome";v="144"
sec-ch-ua-mobile: ?1
sec-ch-ua-platform: "Android"
sec-fetch-dest: image
sec-fetch-mode: no-cors
sec-fetch-site: same-origin
user-agent: Mozilla/5.0 (Linux; Android 6.0; Nexus 5 Build/MRA58N) AppleWebKit/537.36 (KHTML, like Gecko) Chrome/144.0.0.0 Mobile Safari/537.36
2026-02-09 21:20:56 TRACE [http-nio-9095-exec-2] org.zalando.logbook.Logbook - Outgoing Response: f6733920a5885f16
Duration: 47 ms
HTTP/1.1 200 OK
Cache-Control: no-cache, no-store, max-age=0, must-revalidate
Connection: keep-alive
Content-Type: image/png
Date: Mon, 09 Feb 2026 12:20:56 GMT
Expires: 0
Keep-Alive: timeout=60
Pragma: no-cache
Transfer-Encoding: chunked
X-Content-Type-Options: nosniff
X-Frame-Options: DENY
X-XSS-Protection: 0

<binary>
2026-02-09 21:20:56 TRACE [http-nio-9095-exec-3] org.zalando.logbook.Logbook - Outgoing Response: ca7627a64e2d43a0
Duration: 48 ms
HTTP/1.1 200 OK
Cache-Control: no-cache, no-store, max-age=0, must-revalidate
Connection: keep-alive
Content-Type: image/png
Date: Mon, 09 Feb 2026 12:20:56 GMT
Expires: 0
Keep-Alive: timeout=60
Pragma: no-cache
Transfer-Encoding: chunked
X-Content-Type-Options: nosniff
X-Frame-Options: DENY
X-XSS-Protection: 0

<binary>
2026-02-09 21:20:56 TRACE [http-nio-9095-exec-4] org.zalando.logbook.Logbook - Outgoing Response: d677f2c6b9a5a9fc
Duration: 47 ms
HTTP/1.1 200 OK
Cache-Control: no-cache, no-store, max-age=0, must-revalidate
Connection: keep-alive
Content-Type: image/png
Date: Mon, 09 Feb 2026 12:20:56 GMT
Expires: 0
Keep-Alive: timeout=60
Pragma: no-cache
Transfer-Encoding: chunked
X-Content-Type-Options: nosniff
X-Frame-Options: DENY
X-XSS-Protection: 0

<binary>
2026-02-09 21:20:56 TRACE [http-nio-9095-exec-7] org.zalando.logbook.Logbook - Outgoing Response: 9751b76a20847b9e
Duration: 48 ms
HTTP/1.1 200 OK
Cache-Control: no-cache, no-store, max-age=0, must-revalidate
Connection: keep-alive
Content-Type: image/png
Date: Mon, 09 Feb 2026 12:20:56 GMT
Expires: 0
Keep-Alive: timeout=60
Pragma: no-cache
Transfer-Encoding: chunked
X-Content-Type-Options: nosniff
X-Frame-Options: DENY
X-XSS-Protection: 0

<binary>
2026-02-09 21:20:58 INFO  [http-nio-9095-exec-9] com.example.login.controller.ProductPageController - Request product detail with id=12
2026-02-09 21:20:58 INFO  [http-nio-9095-exec-9] com.example.login.controller.ProductPageController - Product loaded successfully: id=12, name=Product 12
2026-02-09 21:20:59 TRACE [http-nio-9095-exec-8] org.zalando.logbook.Logbook - Incoming Request: 8fd541526946fd8b
Remote: 0:0:0:0:0:0:0:1
GET http://localhost:9095/api/products/image/12 HTTP/1.1
accept: image/avif,image/webp,image/apng,image/svg+xml,image/*,*/*;q=0.8
accept-encoding: gzip, deflate, br, zstd
accept-language: ja,en-US;q=0.9,en;q=0.8,vi;q=0.7
authorization: XXX
connection: keep-alive
cookie: XXX
host: localhost:9095
referer: http://localhost:9095/products/12
sec-ch-ua: "Not(A:Brand";v="8", "Chromium";v="144", "Google Chrome";v="144"
sec-ch-ua-mobile: ?1
sec-ch-ua-platform: "Android"
sec-fetch-dest: image
sec-fetch-mode: no-cors
sec-fetch-site: same-origin
user-agent: Mozilla/5.0 (Linux; Android 6.0; Nexus 5 Build/MRA58N) AppleWebKit/537.36 (KHTML, like Gecko) Chrome/144.0.0.0 Mobile Safari/537.36
2026-02-09 21:20:59 TRACE [http-nio-9095-exec-8] org.zalando.logbook.Logbook - Outgoing Response: 8fd541526946fd8b
Duration: 16 ms
HTTP/1.1 200 OK
Cache-Control: no-cache, no-store, max-age=0, must-revalidate
Connection: keep-alive
Content-Type: image/png
Date: Mon, 09 Feb 2026 12:20:59 GMT
Expires: 0
Keep-Alive: timeout=60
Pragma: no-cache
Transfer-Encoding: chunked
X-Content-Type-Options: nosniff
X-Frame-Options: DENY
X-XSS-Protection: 0

<binary>
2026-02-09 21:21:05 TRACE [http-nio-9095-exec-6] org.zalando.logbook.Logbook - Incoming Request: ee86147116aad918
Remote: 0:0:0:0:0:0:0:1
PUT http://localhost:9095/api/products/12 HTTP/1.1
accept: */*
accept-encoding: gzip, deflate, br, zstd
accept-language: ja,en-US;q=0.9,en;q=0.8,vi;q=0.7
authorization: XXX
connection: keep-alive
content-length: 183227
content-type: multipart/form-data; boundary=----WebKitFormBoundary13BKGCG4AUCRyubN
cookie: XXX
host: localhost:9095
origin: http://localhost:9095
referer: http://localhost:9095/products/12
sec-ch-ua: "Not(A:Brand";v="8", "Chromium";v="144", "Google Chrome";v="144"
sec-ch-ua-mobile: ?1
sec-ch-ua-platform: "Android"
sec-fetch-dest: empty
sec-fetch-mode: cors
sec-fetch-site: same-origin
user-agent: Mozilla/5.0 (Linux; Android 6.0; Nexus 5 Build/MRA58N) AppleWebKit/537.36 (KHTML, like Gecko) Chrome/144.0.0.0 Mobile Safari/537.36
x-csrf-token: XXX

<multipart>
2026-02-09 21:21:05 TRACE [http-nio-9095-exec-6] org.zalando.logbook.Logbook - Outgoing Response: ee86147116aad918
Duration: 469 ms
HTTP/1.1 200 OK
Cache-Control: no-cache, no-store, max-age=0, must-revalidate
Connection: keep-alive
Content-Type: application/json
Date: Mon, 09 Feb 2026 12:21:05 GMT
Expires: 0
Keep-Alive: timeout=60
Pragma: no-cache
Transfer-Encoding: chunked
X-Content-Type-Options: nosniff
X-Frame-Options: DENY
X-XSS-Protection: 0

{"name":"Product 12","price":210.0,"description":"Description 12","manufactureId":4,"active":null,"imagePath":"/api/products/image/12","id":12,"manufactureName":"Manufacture 4"}
2026-02-09 21:21:07 INFO  [http-nio-9095-exec-2] com.example.login.controller.ProductPageController - Request product detail with id=12
2026-02-09 21:21:07 INFO  [http-nio-9095-exec-2] com.example.login.controller.ProductPageController - Product loaded successfully: id=12, name=Product 12
2026-02-09 21:21:07 TRACE [http-nio-9095-exec-4] org.zalando.logbook.Logbook - Incoming Request: 969c24595e01d93b
Remote: 0:0:0:0:0:0:0:1
GET http://localhost:9095/api/products/image/12 HTTP/1.1
accept: image/avif,image/webp,image/apng,image/svg+xml,image/*,*/*;q=0.8
accept-encoding: gzip, deflate, br, zstd
accept-language: ja,en-US;q=0.9,en;q=0.8,vi;q=0.7
authorization: XXX
connection: keep-alive
cookie: XXX
host: localhost:9095
referer: http://localhost:9095/products/12
sec-ch-ua: "Not(A:Brand";v="8", "Chromium";v="144", "Google Chrome";v="144"
sec-ch-ua-mobile: ?1
sec-ch-ua-platform: "Android"
sec-fetch-dest: image
sec-fetch-mode: no-cors
sec-fetch-site: same-origin
user-agent: Mozilla/5.0 (Linux; Android 6.0; Nexus 5 Build/MRA58N) AppleWebKit/537.36 (KHTML, like Gecko) Chrome/144.0.0.0 Mobile Safari/537.36
2026-02-09 21:21:07 TRACE [http-nio-9095-exec-4] org.zalando.logbook.Logbook - Outgoing Response: 969c24595e01d93b
Duration: 23 ms
HTTP/1.1 200 OK
Cache-Control: no-cache, no-store, max-age=0, must-revalidate
Connection: keep-alive
Content-Length: 182813
Content-Type: image/png
Date: Mon, 09 Feb 2026 12:21:07 GMT
Expires: 0
Keep-Alive: timeout=60
Pragma: no-cache
X-Content-Type-Options: nosniff
X-Frame-Options: DENY
X-XSS-Protection: 0

<binary>
2026-02-09 21:21:09 INFO  [http-nio-9095-exec-1] com.example.login.controller.ProductPageController - Request list products page=0, size=4
2026-02-09 21:21:09 INFO  [http-nio-9095-exec-1] com.example.login.service.ProductService - Load products page=0, size=4
2026-02-09 21:21:09 TRACE [http-nio-9095-exec-2] org.zalando.logbook.Logbook - Incoming Request: d9c7cdd06ba48de4
Remote: 0:0:0:0:0:0:0:1
GET http://localhost:9095/api/products/image/15 HTTP/1.1
accept: image/avif,image/webp,image/apng,image/svg+xml,image/*,*/*;q=0.8
accept-encoding: gzip, deflate, br, zstd
accept-language: ja,en-US;q=0.9,en;q=0.8,vi;q=0.7
authorization: XXX
connection: keep-alive
cookie: XXX
host: localhost:9095
referer: http://localhost:9095/products
sec-ch-ua: "Not(A:Brand";v="8", "Chromium";v="144", "Google Chrome";v="144"
sec-ch-ua-mobile: ?1
sec-ch-ua-platform: "Android"
sec-fetch-dest: image
sec-fetch-mode: no-cors
sec-fetch-site: same-origin
user-agent: Mozilla/5.0 (Linux; Android 6.0; Nexus 5 Build/MRA58N) AppleWebKit/537.36 (KHTML, like Gecko) Chrome/144.0.0.0 Mobile Safari/537.36
2026-02-09 21:21:09 TRACE [http-nio-9095-exec-6] org.zalando.logbook.Logbook - Incoming Request: d3d9a07c03f7a129
Remote: 0:0:0:0:0:0:0:1
GET http://localhost:9095/api/products/image/14 HTTP/1.1
accept: image/avif,image/webp,image/apng,image/svg+xml,image/*,*/*;q=0.8
accept-encoding: gzip, deflate, br, zstd
accept-language: ja,en-US;q=0.9,en;q=0.8,vi;q=0.7
authorization: XXX
connection: keep-alive
cookie: XXX
host: localhost:9095
referer: http://localhost:9095/products
sec-ch-ua: "Not(A:Brand";v="8", "Chromium";v="144", "Google Chrome";v="144"
sec-ch-ua-mobile: ?1
sec-ch-ua-platform: "Android"
sec-fetch-dest: image
sec-fetch-mode: no-cors
sec-fetch-site: same-origin
user-agent: Mozilla/5.0 (Linux; Android 6.0; Nexus 5 Build/MRA58N) AppleWebKit/537.36 (KHTML, like Gecko) Chrome/144.0.0.0 Mobile Safari/537.36
2026-02-09 21:21:09 TRACE [http-nio-9095-exec-2] org.zalando.logbook.Logbook - Outgoing Response: d9c7cdd06ba48de4
Duration: 17 ms
HTTP/1.1 200 OK
Cache-Control: no-cache, no-store, max-age=0, must-revalidate
Connection: keep-alive
Content-Type: image/png
Date: Mon, 09 Feb 2026 12:21:09 GMT
Expires: 0
Keep-Alive: timeout=60
Pragma: no-cache
Transfer-Encoding: chunked
X-Content-Type-Options: nosniff
X-Frame-Options: DENY
X-XSS-Protection: 0

<binary>
2026-02-09 21:21:09 TRACE [http-nio-9095-exec-6] org.zalando.logbook.Logbook - Outgoing Response: d3d9a07c03f7a129
Duration: 18 ms
HTTP/1.1 200 OK
Cache-Control: no-cache, no-store, max-age=0, must-revalidate
Connection: keep-alive
Content-Type: image/png
Date: Mon, 09 Feb 2026 12:21:09 GMT
Expires: 0
Keep-Alive: timeout=60
Pragma: no-cache
Transfer-Encoding: chunked
X-Content-Type-Options: nosniff
X-Frame-Options: DENY
X-XSS-Protection: 0

<binary>
2026-02-09 21:21:09 TRACE [http-nio-9095-exec-8] org.zalando.logbook.Logbook - Incoming Request: c85f57f46b545744
Remote: 0:0:0:0:0:0:0:1
GET http://localhost:9095/api/products/image/12 HTTP/1.1
accept: image/avif,image/webp,image/apng,image/svg+xml,image/*,*/*;q=0.8
accept-encoding: gzip, deflate, br, zstd
accept-language: ja,en-US;q=0.9,en;q=0.8,vi;q=0.7
authorization: XXX
connection: keep-alive
cookie: XXX
host: localhost:9095
referer: http://localhost:9095/products
sec-ch-ua: "Not(A:Brand";v="8", "Chromium";v="144", "Google Chrome";v="144"
sec-ch-ua-mobile: ?1
sec-ch-ua-platform: "Android"
sec-fetch-dest: image
sec-fetch-mode: no-cors
sec-fetch-site: same-origin
user-agent: Mozilla/5.0 (Linux; Android 6.0; Nexus 5 Build/MRA58N) AppleWebKit/537.36 (KHTML, like Gecko) Chrome/144.0.0.0 Mobile Safari/537.36
2026-02-09 21:21:09 TRACE [http-nio-9095-exec-8] org.zalando.logbook.Logbook - Outgoing Response: c85f57f46b545744
Duration: 32 ms
HTTP/1.1 200 OK
Cache-Control: no-cache, no-store, max-age=0, must-revalidate
Connection: keep-alive
Content-Length: 182813
Content-Type: image/png
Date: Mon, 09 Feb 2026 12:21:09 GMT
Expires: 0
Keep-Alive: timeout=60
Pragma: no-cache
X-Content-Type-Options: nosniff
X-Frame-Options: DENY
X-XSS-Protection: 0

<binary>
2026-02-09 21:21:09 TRACE [http-nio-9095-exec-5] org.zalando.logbook.Logbook - Incoming Request: f04a6f2314894001
Remote: 0:0:0:0:0:0:0:1
GET http://localhost:9095/api/products/image/16 HTTP/1.1
accept: image/avif,image/webp,image/apng,image/svg+xml,image/*,*/*;q=0.8
accept-encoding: gzip, deflate, br, zstd
accept-language: ja,en-US;q=0.9,en;q=0.8,vi;q=0.7
authorization: XXX
connection: keep-alive
cookie: XXX
host: localhost:9095
referer: http://localhost:9095/products
sec-ch-ua: "Not(A:Brand";v="8", "Chromium";v="144", "Google Chrome";v="144"
sec-ch-ua-mobile: ?1
sec-ch-ua-platform: "Android"
sec-fetch-dest: image
sec-fetch-mode: no-cors
sec-fetch-site: same-origin
user-agent: Mozilla/5.0 (Linux; Android 6.0; Nexus 5 Build/MRA58N) AppleWebKit/537.36 (KHTML, like Gecko) Chrome/144.0.0.0 Mobile Safari/537.36
2026-02-09 21:21:09 TRACE [http-nio-9095-exec-5] org.zalando.logbook.Logbook - Outgoing Response: f04a6f2314894001
Duration: 21 ms
HTTP/1.1 200 OK
Cache-Control: no-cache, no-store, max-age=0, must-revalidate
Connection: keep-alive
Content-Type: image/png
Date: Mon, 09 Feb 2026 12:21:09 GMT
Expires: 0
Keep-Alive: timeout=60
Pragma: no-cache
Transfer-Encoding: chunked
X-Content-Type-Options: nosniff
X-Frame-Options: DENY
X-XSS-Protection: 0

<binary>
