2026-02-02 20:20:11 INFO  [background-preinit] org.hibernate.validator.internal.util.Version - HV000001: Hibernate Validator 8.0.2.Final
2026-02-02 20:20:11 INFO  [main] com.example.login.LoginProjectApplication - Starting LoginProjectApplication using Java 21.0.6 with PID 21276 (C:\Users\20251\OneDrive\Desktop\JavaProject\Login_Project\target\classes started by 20251 in C:\Users\20251\OneDrive\Desktop\JavaProject\Login_Project)
2026-02-02 20:20:11 INFO  [main] com.example.login.LoginProjectApplication - No active profile set, falling back to 1 default profile: "default"
2026-02-02 20:20:12 INFO  [main] org.springframework.data.repository.config.RepositoryConfigurationDelegate - Bootstrapping Spring Data JPA repositories in DEFAULT mode.
2026-02-02 20:20:12 INFO  [main] org.springframework.data.repository.config.RepositoryConfigurationDelegate - Finished Spring Data repository scanning in 43 ms. Found 3 JPA repository interfaces.
2026-02-02 20:20:13 INFO  [main] org.springframework.boot.web.embedded.tomcat.TomcatWebServer - Tomcat initialized with port 9095 (http)
2026-02-02 20:20:13 INFO  [main] org.apache.coyote.http11.Http11NioProtocol - Initializing ProtocolHandler ["http-nio-9095"]
2026-02-02 20:20:13 INFO  [main] org.apache.catalina.core.StandardService - Starting service [Tomcat]
2026-02-02 20:20:13 INFO  [main] org.apache.catalina.core.StandardEngine - Starting Servlet engine: [Apache Tomcat/10.1.42]
2026-02-02 20:20:13 INFO  [main] org.apache.catalina.core.ContainerBase.[Tomcat].[localhost].[/] - Initializing Spring embedded WebApplicationContext
2026-02-02 20:20:13 INFO  [main] org.springframework.boot.web.servlet.context.ServletWebServerApplicationContext - Root WebApplicationContext: initialization completed in 1861 ms
2026-02-02 20:20:14 INFO  [main] com.zaxxer.hikari.HikariDataSource - HikariPool-1 - Starting...
2026-02-02 20:20:14 INFO  [main] com.zaxxer.hikari.pool.HikariPool - HikariPool-1 - Added connection com.mysql.cj.jdbc.ConnectionImpl@1686ed85
2026-02-02 20:20:14 INFO  [main] com.zaxxer.hikari.HikariDataSource - HikariPool-1 - Start completed.
2026-02-02 20:20:14 INFO  [main] org.flywaydb.core.FlywayExecutor - Database: jdbc:mysql://localhost:3306/users?useSSL=false&allowPublicKeyRetrieval=true&serverTimezone=UTC (MySQL 8.0)
2026-02-02 20:20:14 INFO  [main] org.flywaydb.core.internal.command.DbValidate - Successfully validated 7 migrations (execution time 00:00.051s)
2026-02-02 20:20:14 INFO  [main] org.flywaydb.core.internal.command.DbMigrate - Current version of schema `users`: 7
2026-02-02 20:20:14 INFO  [main] org.flywaydb.core.internal.command.DbMigrate - Schema `users` is up to date. No migration necessary.
2026-02-02 20:20:14 INFO  [main] org.hibernate.jpa.internal.util.LogHelper - HHH000204: Processing PersistenceUnitInfo [name: default]
2026-02-02 20:20:14 INFO  [main] org.hibernate.Version - HHH000412: Hibernate ORM core version 6.6.18.Final
2026-02-02 20:20:14 INFO  [main] org.hibernate.cache.internal.RegionFactoryInitiator - HHH000026: Second-level cache disabled
2026-02-02 20:20:15 INFO  [main] org.hibernate.envers.boot.internal.EnversServiceImpl - Envers integration enabled? : true
2026-02-02 20:20:15 INFO  [main] org.springframework.orm.jpa.persistenceunit.SpringPersistenceUnitInfo - No LoadTimeWeaver setup: ignoring JPA class transformer
2026-02-02 20:20:15 INFO  [main] org.hibernate.orm.connections.pooling - HHH10001005: Database info:
	Database JDBC URL [Connecting through datasource 'HikariDataSource (HikariPool-1)']
	Database driver: undefined/unknown
	Database version: 8.0.43
	Autocommit mode: undefined/unknown
	Isolation level: undefined/unknown
	Minimum pool size: undefined/unknown
	Maximum pool size: undefined/unknown
2026-02-02 20:20:15 DEBUG [main] org.hibernate.envers.configuration.internal.metadata.AuditMetadataGenerator - Generating first-pass auditing mapping for entity com.example.login.entity.Product
2026-02-02 20:20:15 INFO  [main] org.hibernate.envers.configuration.internal.metadata.AuditMetadataGenerator - Adding properties for entity: com.example.login.entity.Product
2026-02-02 20:20:15 DEBUG [main] org.hibernate.envers.configuration.internal.metadata.AuditMetadataGenerator - Generating first-pass auditing mapping for entity com.example.login.entity.Manufacture
2026-02-02 20:20:15 INFO  [main] org.hibernate.envers.configuration.internal.metadata.AuditMetadataGenerator - Adding properties for entity: com.example.login.entity.Manufacture
2026-02-02 20:20:15 DEBUG [main] org.hibernate.envers.configuration.internal.metadata.AuditMetadataGenerator - Generating second-pass auditing mapping for entity com.example.login.entity.Product
2026-02-02 20:20:15 DEBUG [main] org.hibernate.envers.configuration.internal.metadata.AuditMetadataGenerator - Generating second-pass auditing mapping for entity com.example.login.entity.Manufacture
2026-02-02 20:20:15 DEBUG [main] org.hibernate.envers.configuration.internal.metadata.JoinColumnCollectionMetadataGenerator - Adding audit mapping for property com.example.login.entity.Manufacture.products: one-to-many collection, using a join column on the referenced entity
2026-02-02 20:20:16 ERROR [main] org.springframework.orm.jpa.LocalContainerEntityManagerFactoryBean - Failed to initialize JPA EntityManagerFactory: [PersistenceUnit: default] Unable to build Hibernate SessionFactory; nested exception is org.hibernate.InstantiationException: Could not instantiate entity 'com.example.login.entity.Manufacture' due to: null
2026-02-02 20:20:16 WARN  [main] org.springframework.boot.web.servlet.context.AnnotationConfigServletWebServerApplicationContext - Exception encountered during context initialization - cancelling refresh attempt: org.springframework.beans.factory.BeanCreationException: Error creating bean with name 'entityManagerFactory' defined in class path resource [org/springframework/boot/autoconfigure/orm/jpa/HibernateJpaConfiguration.class]: [PersistenceUnit: default] Unable to build Hibernate SessionFactory; nested exception is org.hibernate.InstantiationException: Could not instantiate entity 'com.example.login.entity.Manufacture' due to: null
2026-02-02 20:20:16 INFO  [main] com.zaxxer.hikari.HikariDataSource - HikariPool-1 - Shutdown initiated...
2026-02-02 20:20:16 INFO  [main] com.zaxxer.hikari.HikariDataSource - HikariPool-1 - Shutdown completed.
2026-02-02 20:20:16 INFO  [main] org.apache.catalina.core.StandardService - Stopping service [Tomcat]
2026-02-02 20:20:16 INFO  [main] org.springframework.boot.autoconfigure.logging.ConditionEvaluationReportLogger - 

Error starting ApplicationContext. To display the condition evaluation report re-run your application with 'debug' enabled.
2026-02-02 20:20:16 ERROR [main] org.springframework.boot.SpringApplication - Application run failed
org.springframework.beans.factory.BeanCreationException: Error creating bean with name 'entityManagerFactory' defined in class path resource [org/springframework/boot/autoconfigure/orm/jpa/HibernateJpaConfiguration.class]: [PersistenceUnit: default] Unable to build Hibernate SessionFactory; nested exception is org.hibernate.InstantiationException: Could not instantiate entity 'com.example.login.entity.Manufacture' due to: null
	at org.springframework.beans.factory.support.AbstractAutowireCapableBeanFactory.initializeBean(AbstractAutowireCapableBeanFactory.java:1826)
	at org.springframework.beans.factory.support.AbstractAutowireCapableBeanFactory.doCreateBean(AbstractAutowireCapableBeanFactory.java:607)
	at org.springframework.beans.factory.support.AbstractAutowireCapableBeanFactory.createBean(AbstractAutowireCapableBeanFactory.java:529)
	at org.springframework.beans.factory.support.AbstractBeanFactory.lambda$doGetBean$0(AbstractBeanFactory.java:339)
	at org.springframework.beans.factory.support.DefaultSingletonBeanRegistry.getSingleton(DefaultSingletonBeanRegistry.java:373)
	at org.springframework.beans.factory.support.AbstractBeanFactory.doGetBean(AbstractBeanFactory.java:337)
	at org.springframework.beans.factory.support.AbstractBeanFactory.getBean(AbstractBeanFactory.java:207)
	at org.springframework.context.support.AbstractApplicationContext.finishBeanFactoryInitialization(AbstractApplicationContext.java:970)
	at org.springframework.context.support.AbstractApplicationContext.refresh(AbstractApplicationContext.java:627)
	at org.springframework.boot.web.servlet.context.ServletWebServerApplicationContext.refresh(ServletWebServerApplicationContext.java:146)
	at org.springframework.boot.SpringApplication.refresh(SpringApplication.java:752)
	at org.springframework.boot.SpringApplication.refreshContext(SpringApplication.java:439)
	at org.springframework.boot.SpringApplication.run(SpringApplication.java:318)
	at org.springframework.boot.SpringApplication.run(SpringApplication.java:1361)
	at org.springframework.boot.SpringApplication.run(SpringApplication.java:1350)
	at com.example.login.LoginProjectApplication.main(LoginProjectApplication.java:15)
Caused by: jakarta.persistence.PersistenceException: [PersistenceUnit: default] Unable to build Hibernate SessionFactory; nested exception is org.hibernate.InstantiationException: Could not instantiate entity 'com.example.login.entity.Manufacture' due to: null
	at org.springframework.orm.jpa.AbstractEntityManagerFactoryBean.buildNativeEntityManagerFactory(AbstractEntityManagerFactoryBean.java:431)
	at org.springframework.orm.jpa.AbstractEntityManagerFactoryBean.afterPropertiesSet(AbstractEntityManagerFactoryBean.java:400)
	at org.springframework.orm.jpa.LocalContainerEntityManagerFactoryBean.afterPropertiesSet(LocalContainerEntityManagerFactoryBean.java:366)
	at org.springframework.beans.factory.support.AbstractAutowireCapableBeanFactory.invokeInitMethods(AbstractAutowireCapableBeanFactory.java:1873)
	at org.springframework.beans.factory.support.AbstractAutowireCapableBeanFactory.initializeBean(AbstractAutowireCapableBeanFactory.java:1822)
	... 15 common frames omitted
Caused by: org.hibernate.InstantiationException: Could not instantiate entity 'com.example.login.entity.Manufacture' due to: null
	at org.hibernate.metamodel.internal.EntityInstantiatorPojoStandard.instantiate(EntityInstantiatorPojoStandard.java:100)
	at org.hibernate.persister.entity.AbstractEntityPersister.lambda$prepareMappingModel$14(AbstractEntityPersister.java:5343)
	at org.hibernate.internal.util.LazyValue.getValue(LazyValue.java:30)
	at org.hibernate.engine.internal.UnsavedValueFactory.getUnsavedIdentifierValue(UnsavedValueFactory.java:49)
	at org.hibernate.metamodel.mapping.internal.BasicEntityIdentifierMappingImpl.<init>(BasicEntityIdentifierMappingImpl.java:119)
	at org.hibernate.persister.entity.AbstractEntityPersister.generateIdentifierMapping(AbstractEntityPersister.java:5712)
	at org.hibernate.persister.entity.AbstractEntityPersister.lambda$prepareMappingModel$15(AbstractEntityPersister.java:5348)
	at org.hibernate.metamodel.mapping.internal.MappingModelCreationProcess.processSubPart(MappingModelCreationProcess.java:163)
	at org.hibernate.persister.entity.AbstractEntityPersister.prepareMappingModel(AbstractEntityPersister.java:5346)
	at org.hibernate.persister.entity.AbstractEntityPersister.prepareMappingModel(AbstractEntityPersister.java:5192)
	at org.hibernate.metamodel.mapping.internal.MappingModelCreationProcess.execute(MappingModelCreationProcess.java:84)
	at org.hibernate.metamodel.mapping.internal.MappingModelCreationProcess.process(MappingModelCreationProcess.java:42)
	at org.hibernate.metamodel.model.domain.internal.MappingMetamodelImpl.finishInitialization(MappingMetamodelImpl.java:200)
	at org.hibernate.internal.SessionFactoryImpl.initializeMappingModel(SessionFactoryImpl.java:373)
	at org.hibernate.internal.SessionFactoryImpl.<init>(SessionFactoryImpl.java:302)
	at org.hibernate.boot.internal.SessionFactoryBuilderImpl.build(SessionFactoryBuilderImpl.java:463)
	at org.hibernate.jpa.boot.internal.EntityManagerFactoryBuilderImpl.build(EntityManagerFactoryBuilderImpl.java:1517)
	at org.springframework.orm.jpa.vendor.SpringHibernateJpaPersistenceProvider.createContainerEntityManagerFactory(SpringHibernateJpaPersistenceProvider.java:66)
	at org.springframework.orm.jpa.LocalContainerEntityManagerFactoryBean.createNativeEntityManagerFactory(LocalContainerEntityManagerFactoryBean.java:390)
	at org.springframework.orm.jpa.AbstractEntityManagerFactoryBean.buildNativeEntityManagerFactory(AbstractEntityManagerFactoryBean.java:419)
	... 19 common frames omitted
Caused by: java.lang.reflect.InvocationTargetException: null
	at java.base/jdk.internal.reflect.DirectConstructorHandleAccessor.newInstance(DirectConstructorHandleAccessor.java:74)
	at java.base/java.lang.reflect.Constructor.newInstanceWithCaller(Constructor.java:502)
	at java.base/java.lang.reflect.Constructor.newInstance(Constructor.java:486)
	at org.hibernate.metamodel.internal.EntityInstantiatorPojoStandard.instantiate(EntityInstantiatorPojoStandard.java:97)
	... 38 common frames omitted
Caused by: java.lang.Error: Unresolved compilation problem: 
	The type java.util.function.Predicate cannot be resolved. It is indirectly referenced from required type java.util.Optional

	at com.example.login.entity.Manufacture.<init>(Manufacture.java:1)
	at java.base/jdk.internal.reflect.DirectConstructorHandleAccessor.newInstance(DirectConstructorHandleAccessor.java:62)
	... 41 common frames omitted
2026-02-02 20:22:13 INFO  [background-preinit] org.hibernate.validator.internal.util.Version - HV000001: Hibernate Validator 8.0.2.Final
2026-02-02 20:22:13 INFO  [main] com.example.login.LoginProjectApplication - Starting LoginProjectApplication using Java 21.0.6 with PID 24912 (C:\Users\20251\OneDrive\Desktop\JavaProject\Login_Project\target\classes started by 20251 in C:\Users\20251\OneDrive\Desktop\JavaProject\Login_Project)
2026-02-02 20:22:13 INFO  [main] com.example.login.LoginProjectApplication - No active profile set, falling back to 1 default profile: "default"
2026-02-02 20:22:13 INFO  [main] org.springframework.data.repository.config.RepositoryConfigurationDelegate - Bootstrapping Spring Data JPA repositories in DEFAULT mode.
2026-02-02 20:22:13 INFO  [main] org.springframework.data.repository.config.RepositoryConfigurationDelegate - Finished Spring Data repository scanning in 33 ms. Found 3 JPA repository interfaces.
2026-02-02 20:22:14 INFO  [main] org.springframework.boot.web.embedded.tomcat.TomcatWebServer - Tomcat initialized with port 9095 (http)
2026-02-02 20:22:14 INFO  [main] org.apache.coyote.http11.Http11NioProtocol - Initializing ProtocolHandler ["http-nio-9095"]
2026-02-02 20:22:14 INFO  [main] org.apache.catalina.core.StandardService - Starting service [Tomcat]
2026-02-02 20:22:14 INFO  [main] org.apache.catalina.core.StandardEngine - Starting Servlet engine: [Apache Tomcat/10.1.42]
2026-02-02 20:22:14 INFO  [main] org.apache.catalina.core.ContainerBase.[Tomcat].[localhost].[/] - Initializing Spring embedded WebApplicationContext
2026-02-02 20:22:14 INFO  [main] org.springframework.boot.web.servlet.context.ServletWebServerApplicationContext - Root WebApplicationContext: initialization completed in 1600 ms
2026-02-02 20:22:15 INFO  [main] com.zaxxer.hikari.HikariDataSource - HikariPool-1 - Starting...
2026-02-02 20:22:15 INFO  [main] com.zaxxer.hikari.pool.HikariPool - HikariPool-1 - Added connection com.mysql.cj.jdbc.ConnectionImpl@74830d73
2026-02-02 20:22:15 INFO  [main] com.zaxxer.hikari.HikariDataSource - HikariPool-1 - Start completed.
2026-02-02 20:22:15 INFO  [main] org.flywaydb.core.FlywayExecutor - Database: jdbc:mysql://localhost:3306/users?useSSL=false&allowPublicKeyRetrieval=true&serverTimezone=UTC (MySQL 8.0)
2026-02-02 20:22:15 INFO  [main] org.flywaydb.core.internal.schemahistory.JdbcTableSchemaHistory - Schema history table `users`.`flyway_schema_history` does not exist yet
2026-02-02 20:22:15 INFO  [main] org.flywaydb.core.internal.command.DbValidate - Successfully validated 7 migrations (execution time 00:00.020s)
2026-02-02 20:22:15 INFO  [main] org.flywaydb.core.internal.schemahistory.JdbcTableSchemaHistory - Creating Schema History table `users`.`flyway_schema_history` ...
2026-02-02 20:22:15 INFO  [main] org.flywaydb.core.internal.command.DbMigrate - Current version of schema `users`: << Empty Schema >>
2026-02-02 20:22:15 INFO  [main] org.flywaydb.core.internal.command.DbMigrate - Migrating schema `users` to version "1 - create tables"
2026-02-02 20:22:16 INFO  [main] org.flywaydb.core.internal.command.DbMigrate - Migrating schema `users` to version "2 - insert data"
2026-02-02 20:22:16 INFO  [main] org.flywaydb.core.internal.command.DbMigrate - Migrating schema `users` to version "3 - drop old product audit columns"
2026-02-02 20:22:16 INFO  [main] org.flywaydb.core.internal.command.DbMigrate - Migrating schema `users` to version "4 - add auditing columns"
2026-02-02 20:22:16 INFO  [main] org.flywaydb.core.internal.command.DbMigrate - Migrating schema `users` to version "5 - add envers audit tables"
2026-02-02 20:22:17 INFO  [main] org.flywaydb.core.internal.command.DbMigrate - Migrating schema `users` to version "6 - add product image"
2026-02-02 20:22:17 INFO  [main] org.flywaydb.core.internal.command.DbMigrate - Migrating schema `users` to version "7 - add product image product aud"
2026-02-02 20:22:17 INFO  [main] org.flywaydb.core.internal.command.DbMigrate - Successfully applied 7 migrations to schema `users`, now at version v7 (execution time 00:01.657s)
2026-02-02 20:22:17 INFO  [main] org.hibernate.jpa.internal.util.LogHelper - HHH000204: Processing PersistenceUnitInfo [name: default]
2026-02-02 20:22:17 INFO  [main] org.hibernate.Version - HHH000412: Hibernate ORM core version 6.6.18.Final
2026-02-02 20:22:17 INFO  [main] org.hibernate.cache.internal.RegionFactoryInitiator - HHH000026: Second-level cache disabled
2026-02-02 20:22:18 INFO  [main] org.hibernate.envers.boot.internal.EnversServiceImpl - Envers integration enabled? : true
2026-02-02 20:22:18 INFO  [main] org.springframework.orm.jpa.persistenceunit.SpringPersistenceUnitInfo - No LoadTimeWeaver setup: ignoring JPA class transformer
2026-02-02 20:22:18 INFO  [main] org.hibernate.orm.connections.pooling - HHH10001005: Database info:
	Database JDBC URL [Connecting through datasource 'HikariDataSource (HikariPool-1)']
	Database driver: undefined/unknown
	Database version: 8.0.43
	Autocommit mode: undefined/unknown
	Isolation level: undefined/unknown
	Minimum pool size: undefined/unknown
	Maximum pool size: undefined/unknown
2026-02-02 20:22:18 DEBUG [main] org.hibernate.envers.configuration.internal.metadata.AuditMetadataGenerator - Generating first-pass auditing mapping for entity com.example.login.entity.Product
2026-02-02 20:22:18 INFO  [main] org.hibernate.envers.configuration.internal.metadata.AuditMetadataGenerator - Adding properties for entity: com.example.login.entity.Product
2026-02-02 20:22:18 DEBUG [main] org.hibernate.envers.configuration.internal.metadata.AuditMetadataGenerator - Generating first-pass auditing mapping for entity com.example.login.entity.Manufacture
2026-02-02 20:22:18 INFO  [main] org.hibernate.envers.configuration.internal.metadata.AuditMetadataGenerator - Adding properties for entity: com.example.login.entity.Manufacture
2026-02-02 20:22:18 DEBUG [main] org.hibernate.envers.configuration.internal.metadata.AuditMetadataGenerator - Generating second-pass auditing mapping for entity com.example.login.entity.Product
2026-02-02 20:22:18 DEBUG [main] org.hibernate.envers.configuration.internal.metadata.AuditMetadataGenerator - Generating second-pass auditing mapping for entity com.example.login.entity.Manufacture
2026-02-02 20:22:18 DEBUG [main] org.hibernate.envers.configuration.internal.metadata.JoinColumnCollectionMetadataGenerator - Adding audit mapping for property com.example.login.entity.Manufacture.products: one-to-many collection, using a join column on the referenced entity
2026-02-02 20:22:19 ERROR [main] org.springframework.orm.jpa.LocalContainerEntityManagerFactoryBean - Failed to initialize JPA EntityManagerFactory: [PersistenceUnit: default] Unable to build Hibernate SessionFactory; nested exception is org.hibernate.InstantiationException: Could not instantiate entity 'com.example.login.entity.Manufacture' due to: null
2026-02-02 20:22:19 WARN  [main] org.springframework.boot.web.servlet.context.AnnotationConfigServletWebServerApplicationContext - Exception encountered during context initialization - cancelling refresh attempt: org.springframework.beans.factory.BeanCreationException: Error creating bean with name 'entityManagerFactory' defined in class path resource [org/springframework/boot/autoconfigure/orm/jpa/HibernateJpaConfiguration.class]: [PersistenceUnit: default] Unable to build Hibernate SessionFactory; nested exception is org.hibernate.InstantiationException: Could not instantiate entity 'com.example.login.entity.Manufacture' due to: null
2026-02-02 20:22:19 INFO  [main] com.zaxxer.hikari.HikariDataSource - HikariPool-1 - Shutdown initiated...
2026-02-02 20:22:19 INFO  [main] com.zaxxer.hikari.HikariDataSource - HikariPool-1 - Shutdown completed.
2026-02-02 20:22:19 INFO  [main] org.apache.catalina.core.StandardService - Stopping service [Tomcat]
2026-02-02 20:22:19 INFO  [main] org.springframework.boot.autoconfigure.logging.ConditionEvaluationReportLogger - 

Error starting ApplicationContext. To display the condition evaluation report re-run your application with 'debug' enabled.
2026-02-02 20:22:19 ERROR [main] org.springframework.boot.SpringApplication - Application run failed
org.springframework.beans.factory.BeanCreationException: Error creating bean with name 'entityManagerFactory' defined in class path resource [org/springframework/boot/autoconfigure/orm/jpa/HibernateJpaConfiguration.class]: [PersistenceUnit: default] Unable to build Hibernate SessionFactory; nested exception is org.hibernate.InstantiationException: Could not instantiate entity 'com.example.login.entity.Manufacture' due to: null
	at org.springframework.beans.factory.support.AbstractAutowireCapableBeanFactory.initializeBean(AbstractAutowireCapableBeanFactory.java:1826)
	at org.springframework.beans.factory.support.AbstractAutowireCapableBeanFactory.doCreateBean(AbstractAutowireCapableBeanFactory.java:607)
	at org.springframework.beans.factory.support.AbstractAutowireCapableBeanFactory.createBean(AbstractAutowireCapableBeanFactory.java:529)
	at org.springframework.beans.factory.support.AbstractBeanFactory.lambda$doGetBean$0(AbstractBeanFactory.java:339)
	at org.springframework.beans.factory.support.DefaultSingletonBeanRegistry.getSingleton(DefaultSingletonBeanRegistry.java:373)
	at org.springframework.beans.factory.support.AbstractBeanFactory.doGetBean(AbstractBeanFactory.java:337)
	at org.springframework.beans.factory.support.AbstractBeanFactory.getBean(AbstractBeanFactory.java:207)
	at org.springframework.context.support.AbstractApplicationContext.finishBeanFactoryInitialization(AbstractApplicationContext.java:970)
	at org.springframework.context.support.AbstractApplicationContext.refresh(AbstractApplicationContext.java:627)
	at org.springframework.boot.web.servlet.context.ServletWebServerApplicationContext.refresh(ServletWebServerApplicationContext.java:146)
	at org.springframework.boot.SpringApplication.refresh(SpringApplication.java:752)
	at org.springframework.boot.SpringApplication.refreshContext(SpringApplication.java:439)
	at org.springframework.boot.SpringApplication.run(SpringApplication.java:318)
	at org.springframework.boot.SpringApplication.run(SpringApplication.java:1361)
	at org.springframework.boot.SpringApplication.run(SpringApplication.java:1350)
	at com.example.login.LoginProjectApplication.main(LoginProjectApplication.java:15)
Caused by: jakarta.persistence.PersistenceException: [PersistenceUnit: default] Unable to build Hibernate SessionFactory; nested exception is org.hibernate.InstantiationException: Could not instantiate entity 'com.example.login.entity.Manufacture' due to: null
	at org.springframework.orm.jpa.AbstractEntityManagerFactoryBean.buildNativeEntityManagerFactory(AbstractEntityManagerFactoryBean.java:431)
	at org.springframework.orm.jpa.AbstractEntityManagerFactoryBean.afterPropertiesSet(AbstractEntityManagerFactoryBean.java:400)
	at org.springframework.orm.jpa.LocalContainerEntityManagerFactoryBean.afterPropertiesSet(LocalContainerEntityManagerFactoryBean.java:366)
	at org.springframework.beans.factory.support.AbstractAutowireCapableBeanFactory.invokeInitMethods(AbstractAutowireCapableBeanFactory.java:1873)
	at org.springframework.beans.factory.support.AbstractAutowireCapableBeanFactory.initializeBean(AbstractAutowireCapableBeanFactory.java:1822)
	... 15 common frames omitted
Caused by: org.hibernate.InstantiationException: Could not instantiate entity 'com.example.login.entity.Manufacture' due to: null
	at org.hibernate.metamodel.internal.EntityInstantiatorPojoStandard.instantiate(EntityInstantiatorPojoStandard.java:100)
	at org.hibernate.persister.entity.AbstractEntityPersister.lambda$prepareMappingModel$14(AbstractEntityPersister.java:5343)
	at org.hibernate.internal.util.LazyValue.getValue(LazyValue.java:30)
	at org.hibernate.engine.internal.UnsavedValueFactory.getUnsavedIdentifierValue(UnsavedValueFactory.java:49)
	at org.hibernate.metamodel.mapping.internal.BasicEntityIdentifierMappingImpl.<init>(BasicEntityIdentifierMappingImpl.java:119)
	at org.hibernate.persister.entity.AbstractEntityPersister.generateIdentifierMapping(AbstractEntityPersister.java:5712)
	at org.hibernate.persister.entity.AbstractEntityPersister.lambda$prepareMappingModel$15(AbstractEntityPersister.java:5348)
	at org.hibernate.metamodel.mapping.internal.MappingModelCreationProcess.processSubPart(MappingModelCreationProcess.java:163)
	at org.hibernate.persister.entity.AbstractEntityPersister.prepareMappingModel(AbstractEntityPersister.java:5346)
	at org.hibernate.persister.entity.AbstractEntityPersister.prepareMappingModel(AbstractEntityPersister.java:5192)
	at org.hibernate.metamodel.mapping.internal.MappingModelCreationProcess.execute(MappingModelCreationProcess.java:84)
	at org.hibernate.metamodel.mapping.internal.MappingModelCreationProcess.process(MappingModelCreationProcess.java:42)
	at org.hibernate.metamodel.model.domain.internal.MappingMetamodelImpl.finishInitialization(MappingMetamodelImpl.java:200)
	at org.hibernate.internal.SessionFactoryImpl.initializeMappingModel(SessionFactoryImpl.java:373)
	at org.hibernate.internal.SessionFactoryImpl.<init>(SessionFactoryImpl.java:302)
	at org.hibernate.boot.internal.SessionFactoryBuilderImpl.build(SessionFactoryBuilderImpl.java:463)
	at org.hibernate.jpa.boot.internal.EntityManagerFactoryBuilderImpl.build(EntityManagerFactoryBuilderImpl.java:1517)
	at org.springframework.orm.jpa.vendor.SpringHibernateJpaPersistenceProvider.createContainerEntityManagerFactory(SpringHibernateJpaPersistenceProvider.java:66)
	at org.springframework.orm.jpa.LocalContainerEntityManagerFactoryBean.createNativeEntityManagerFactory(LocalContainerEntityManagerFactoryBean.java:390)
	at org.springframework.orm.jpa.AbstractEntityManagerFactoryBean.buildNativeEntityManagerFactory(AbstractEntityManagerFactoryBean.java:419)
	... 19 common frames omitted
Caused by: java.lang.reflect.InvocationTargetException: null
	at java.base/jdk.internal.reflect.DirectConstructorHandleAccessor.newInstance(DirectConstructorHandleAccessor.java:74)
	at java.base/java.lang.reflect.Constructor.newInstanceWithCaller(Constructor.java:502)
	at java.base/java.lang.reflect.Constructor.newInstance(Constructor.java:486)
	at org.hibernate.metamodel.internal.EntityInstantiatorPojoStandard.instantiate(EntityInstantiatorPojoStandard.java:97)
	... 38 common frames omitted
Caused by: java.lang.Error: Unresolved compilation problem: 
	The type java.util.function.Predicate cannot be resolved. It is indirectly referenced from required type java.util.Optional

	at com.example.login.entity.Manufacture.<init>(Manufacture.java:1)
	at java.base/jdk.internal.reflect.DirectConstructorHandleAccessor.newInstance(DirectConstructorHandleAccessor.java:62)
	... 41 common frames omitted
2026-02-02 20:47:03 INFO  [background-preinit] org.hibernate.validator.internal.util.Version - HV000001: Hibernate Validator 8.0.2.Final
2026-02-02 20:47:03 INFO  [main] com.example.login.LoginProjectApplication - Starting LoginProjectApplication using Java 21.0.6 with PID 14668 (C:\Users\20251\OneDrive\Desktop\JavaProject\Login_Project\target\classes started by 20251 in C:\Users\20251\OneDrive\Desktop\JavaProject\Login_Project)
2026-02-02 20:47:03 INFO  [main] com.example.login.LoginProjectApplication - No active profile set, falling back to 1 default profile: "default"
2026-02-02 20:47:04 INFO  [main] org.springframework.data.repository.config.RepositoryConfigurationDelegate - Bootstrapping Spring Data JPA repositories in DEFAULT mode.
2026-02-02 20:47:04 INFO  [main] org.springframework.data.repository.config.RepositoryConfigurationDelegate - Finished Spring Data repository scanning in 41 ms. Found 3 JPA repository interfaces.
2026-02-02 20:47:05 INFO  [main] org.springframework.boot.web.embedded.tomcat.TomcatWebServer - Tomcat initialized with port 9095 (http)
2026-02-02 20:47:05 INFO  [main] org.apache.coyote.http11.Http11NioProtocol - Initializing ProtocolHandler ["http-nio-9095"]
2026-02-02 20:47:05 INFO  [main] org.apache.catalina.core.StandardService - Starting service [Tomcat]
2026-02-02 20:47:05 INFO  [main] org.apache.catalina.core.StandardEngine - Starting Servlet engine: [Apache Tomcat/10.1.42]
2026-02-02 20:47:05 INFO  [main] org.apache.catalina.core.ContainerBase.[Tomcat].[localhost].[/] - Initializing Spring embedded WebApplicationContext
2026-02-02 20:47:05 INFO  [main] org.springframework.boot.web.servlet.context.ServletWebServerApplicationContext - Root WebApplicationContext: initialization completed in 1560 ms
2026-02-02 20:47:05 INFO  [main] com.zaxxer.hikari.HikariDataSource - HikariPool-1 - Starting...
2026-02-02 20:47:05 INFO  [main] com.zaxxer.hikari.pool.HikariPool - HikariPool-1 - Added connection com.mysql.cj.jdbc.ConnectionImpl@5bb99d1d
2026-02-02 20:47:05 INFO  [main] com.zaxxer.hikari.HikariDataSource - HikariPool-1 - Start completed.
2026-02-02 20:47:05 INFO  [main] org.flywaydb.core.FlywayExecutor - Database: jdbc:mysql://localhost:3306/users?useSSL=false&allowPublicKeyRetrieval=true&serverTimezone=UTC (MySQL 8.0)
2026-02-02 20:47:05 INFO  [main] org.flywaydb.core.internal.command.DbValidate - Successfully validated 7 migrations (execution time 00:00.042s)
2026-02-02 20:47:05 INFO  [main] org.flywaydb.core.internal.command.DbMigrate - Current version of schema `users`: 7
2026-02-02 20:47:05 INFO  [main] org.flywaydb.core.internal.command.DbMigrate - Schema `users` is up to date. No migration necessary.
2026-02-02 20:47:06 INFO  [main] org.hibernate.jpa.internal.util.LogHelper - HHH000204: Processing PersistenceUnitInfo [name: default]
2026-02-02 20:47:06 INFO  [main] org.hibernate.Version - HHH000412: Hibernate ORM core version 6.6.18.Final
2026-02-02 20:47:06 INFO  [main] org.hibernate.cache.internal.RegionFactoryInitiator - HHH000026: Second-level cache disabled
2026-02-02 20:47:06 INFO  [main] org.hibernate.envers.boot.internal.EnversServiceImpl - Envers integration enabled? : true
2026-02-02 20:47:06 INFO  [main] org.springframework.orm.jpa.persistenceunit.SpringPersistenceUnitInfo - No LoadTimeWeaver setup: ignoring JPA class transformer
2026-02-02 20:47:06 INFO  [main] org.hibernate.orm.connections.pooling - HHH10001005: Database info:
	Database JDBC URL [Connecting through datasource 'HikariDataSource (HikariPool-1)']
	Database driver: undefined/unknown
	Database version: 8.0.43
	Autocommit mode: undefined/unknown
	Isolation level: undefined/unknown
	Minimum pool size: undefined/unknown
	Maximum pool size: undefined/unknown
2026-02-02 20:47:06 DEBUG [main] org.hibernate.envers.configuration.internal.metadata.AuditMetadataGenerator - Generating first-pass auditing mapping for entity com.example.login.entity.Product
2026-02-02 20:47:06 INFO  [main] org.hibernate.envers.configuration.internal.metadata.AuditMetadataGenerator - Adding properties for entity: com.example.login.entity.Product
2026-02-02 20:47:06 DEBUG [main] org.hibernate.envers.configuration.internal.metadata.AuditMetadataGenerator - Generating first-pass auditing mapping for entity com.example.login.entity.Manufacture
2026-02-02 20:47:06 INFO  [main] org.hibernate.envers.configuration.internal.metadata.AuditMetadataGenerator - Adding properties for entity: com.example.login.entity.Manufacture
2026-02-02 20:47:06 DEBUG [main] org.hibernate.envers.configuration.internal.metadata.AuditMetadataGenerator - Generating second-pass auditing mapping for entity com.example.login.entity.Product
2026-02-02 20:47:06 DEBUG [main] org.hibernate.envers.configuration.internal.metadata.AuditMetadataGenerator - Generating second-pass auditing mapping for entity com.example.login.entity.Manufacture
2026-02-02 20:47:06 DEBUG [main] org.hibernate.envers.configuration.internal.metadata.JoinColumnCollectionMetadataGenerator - Adding audit mapping for property com.example.login.entity.Manufacture.products: one-to-many collection, using a join column on the referenced entity
2026-02-02 20:47:07 INFO  [main] org.hibernate.engine.transaction.jta.platform.internal.JtaPlatformInitiator - HHH000489: No JTA platform available (set 'hibernate.transaction.jta.platform' to enable JTA platform integration)
2026-02-02 20:47:07 INFO  [main] org.springframework.orm.jpa.LocalContainerEntityManagerFactoryBean - Initialized JPA EntityManagerFactory for persistence unit 'default'
2026-02-02 20:47:08 WARN  [main] org.springframework.boot.autoconfigure.orm.jpa.JpaBaseConfiguration$JpaWebConfiguration - spring.jpa.open-in-view is enabled by default. Therefore, database queries may be performed during view rendering. Explicitly configure spring.jpa.open-in-view to disable this warning
2026-02-02 20:47:08 INFO  [main] org.springframework.security.config.annotation.authentication.configuration.InitializeUserDetailsBeanManagerConfigurer$InitializeUserDetailsManagerConfigurer - Global AuthenticationManager configured with UserDetailsService bean with name customUserDetailsService
2026-02-02 20:47:08 INFO  [main] org.apache.coyote.http11.Http11NioProtocol - Starting ProtocolHandler ["http-nio-9095"]
2026-02-02 20:47:08 INFO  [main] org.springframework.boot.web.embedded.tomcat.TomcatWebServer - Tomcat started on port 9095 (http) with context path '/'
2026-02-02 20:47:08 INFO  [main] com.example.login.LoginProjectApplication - Started LoginProjectApplication in 5.818 seconds (process running for 6.548)
2026-02-02 21:12:55 INFO  [http-nio-9095-exec-2] org.apache.catalina.core.ContainerBase.[Tomcat].[localhost].[/] - Initializing Spring DispatcherServlet 'dispatcherServlet'
2026-02-02 21:12:55 INFO  [http-nio-9095-exec-2] org.springframework.web.servlet.DispatcherServlet - Initializing Servlet 'dispatcherServlet'
2026-02-02 21:12:55 INFO  [http-nio-9095-exec-2] org.springframework.web.servlet.DispatcherServlet - Completed initialization in 2 ms
2026-02-02 21:13:34 TRACE [http-nio-9095-exec-2] org.zalando.logbook.Logbook - Incoming Request: bc09b339605110aa
Remote: 0:0:0:0:0:0:0:1
GET http://localhost:9095/api/product/all HTTP/1.1
accept: */*
accept-encoding: gzip, deflate, br, zstd
accept-language: ja,en-US;q=0.9,en;q=0.8,vi;q=0.7
connection: keep-alive
cookie: XXX
host: localhost:9095
referer: http://localhost:9095/home
sec-ch-ua: "Not(A:Brand";v="8", "Chromium";v="144", "Google Chrome";v="144"
sec-ch-ua-mobile: ?0
sec-ch-ua-platform: "Windows"
sec-fetch-dest: empty
sec-fetch-mode: cors
sec-fetch-site: same-origin
user-agent: Mozilla/5.0 (Windows NT 10.0; Win64; x64) AppleWebKit/537.36 (KHTML, like Gecko) Chrome/144.0.0.0 Safari/537.36
x-csrf-token: XXX
x-requested-with: XMLHttpRequest
2026-02-02 21:13:34 TRACE [http-nio-9095-exec-2] org.zalando.logbook.Logbook - Outgoing Response: bc09b339605110aa
Duration: 17 ms
HTTP/1.1 403 Forbidden
Cache-Control: no-cache, no-store, max-age=0, must-revalidate
Expires: 0
Pragma: no-cache
X-Content-Type-Options: nosniff
X-Frame-Options: DENY
X-XSS-Protection: 0
2026-02-02 21:13:34 TRACE [http-nio-9095-exec-4] org.zalando.logbook.Logbook - Incoming Request: cc1fd33d9c5a2871
Remote: 0:0:0:0:0:0:0:1
GET http://localhost:9095/api/product/all HTTP/1.1
accept: */*
accept-encoding: gzip, deflate, br, zstd
accept-language: ja,en-US;q=0.9,en;q=0.8,vi;q=0.7
connection: keep-alive
cookie: XXX
host: localhost:9095
referer: http://localhost:9095/home
sec-ch-ua: "Not(A:Brand";v="8", "Chromium";v="144", "Google Chrome";v="144"
sec-ch-ua-mobile: ?0
sec-ch-ua-platform: "Windows"
sec-fetch-dest: empty
sec-fetch-mode: cors
sec-fetch-site: same-origin
user-agent: Mozilla/5.0 (Windows NT 10.0; Win64; x64) AppleWebKit/537.36 (KHTML, like Gecko) Chrome/144.0.0.0 Safari/537.36
x-csrf-token: XXX
x-requested-with: XMLHttpRequest
2026-02-02 21:13:34 TRACE [http-nio-9095-exec-4] org.zalando.logbook.Logbook - Outgoing Response: cc1fd33d9c5a2871
Duration: 2 ms
HTTP/1.1 403 Forbidden
Cache-Control: no-cache, no-store, max-age=0, must-revalidate
Expires: 0
Pragma: no-cache
X-Content-Type-Options: nosniff
X-Frame-Options: DENY
X-XSS-Protection: 0
2026-02-02 21:13:39 INFO  [http-nio-9095-exec-3] com.example.login.controller.ProductPageController - Request list products page=0, size=4
2026-02-02 21:13:39 INFO  [http-nio-9095-exec-3] com.example.login.service.ProductService - Load products page=0, size=4
2026-02-02 21:13:39 TRACE [http-nio-9095-exec-5] org.zalando.logbook.Logbook - Incoming Request: b853ef6f2851a0e5
Remote: 0:0:0:0:0:0:0:1
GET http://localhost:9095/api/products/files/null HTTP/1.1
accept: image/avif,image/webp,image/apng,image/svg+xml,image/*,*/*;q=0.8
accept-encoding: gzip, deflate, br, zstd
accept-language: ja,en-US;q=0.9,en;q=0.8,vi;q=0.7
connection: keep-alive
cookie: XXX
host: localhost:9095
referer: http://localhost:9095/products
sec-ch-ua: "Not(A:Brand";v="8", "Chromium";v="144", "Google Chrome";v="144"
sec-ch-ua-mobile: ?0
sec-ch-ua-platform: "Windows"
sec-fetch-dest: image
sec-fetch-mode: no-cors
sec-fetch-site: same-origin
user-agent: Mozilla/5.0 (Windows NT 10.0; Win64; x64) AppleWebKit/537.36 (KHTML, like Gecko) Chrome/144.0.0.0 Safari/537.36
2026-02-02 21:13:39 TRACE [http-nio-9095-exec-5] org.zalando.logbook.Logbook - Outgoing Response: b853ef6f2851a0e5
Duration: 2 ms
HTTP/1.1 403 Forbidden
Cache-Control: no-cache, no-store, max-age=0, must-revalidate
Expires: 0
Pragma: no-cache
X-Content-Type-Options: nosniff
X-Frame-Options: DENY
X-XSS-Protection: 0
2026-02-02 21:13:46 INFO  [http-nio-9095-exec-6] com.example.login.controller.ProductPageController - Request product detail with id=1
2026-02-02 21:13:46 INFO  [http-nio-9095-exec-6] com.example.login.service.ProductService - Load product detail id=1
2026-02-02 21:13:46 INFO  [http-nio-9095-exec-6] com.example.login.controller.ProductPageController - Product loaded successfully: id=1, name=Product 1
2026-02-02 21:13:47 INFO  [http-nio-9095-exec-7] com.example.login.controller.ProductPageController - Request list products page=0, size=4
2026-02-02 21:13:47 INFO  [http-nio-9095-exec-7] com.example.login.service.ProductService - Load products page=0, size=4
2026-02-02 21:13:47 TRACE [http-nio-9095-exec-4] org.zalando.logbook.Logbook - Incoming Request: d15f0110d2aaa54e
Remote: 0:0:0:0:0:0:0:1
GET http://localhost:9095/api/products/files/null HTTP/1.1
accept: image/avif,image/webp,image/apng,image/svg+xml,image/*,*/*;q=0.8
accept-encoding: gzip, deflate, br, zstd
accept-language: ja,en-US;q=0.9,en;q=0.8,vi;q=0.7
connection: keep-alive
cookie: XXX
host: localhost:9095
referer: http://localhost:9095/products
sec-ch-ua: "Not(A:Brand";v="8", "Chromium";v="144", "Google Chrome";v="144"
sec-ch-ua-mobile: ?0
sec-ch-ua-platform: "Windows"
sec-fetch-dest: image
sec-fetch-mode: no-cors
sec-fetch-site: same-origin
user-agent: Mozilla/5.0 (Windows NT 10.0; Win64; x64) AppleWebKit/537.36 (KHTML, like Gecko) Chrome/144.0.0.0 Safari/537.36
2026-02-02 21:13:47 TRACE [http-nio-9095-exec-4] org.zalando.logbook.Logbook - Outgoing Response: d15f0110d2aaa54e
Duration: 2 ms
HTTP/1.1 403 Forbidden
Cache-Control: no-cache, no-store, max-age=0, must-revalidate
Expires: 0
Pragma: no-cache
X-Content-Type-Options: nosniff
X-Frame-Options: DENY
X-XSS-Protection: 0
2026-02-02 21:14:17 INFO  [http-nio-9095-exec-2] com.example.login.controller.ProductPageController - Request list products page=0, size=4
2026-02-02 21:14:17 INFO  [http-nio-9095-exec-2] com.example.login.service.ProductService - Load products page=0, size=4
2026-02-02 21:14:17 TRACE [http-nio-9095-exec-3] org.zalando.logbook.Logbook - Incoming Request: 9a5f7e369d8fbf1c
Remote: 0:0:0:0:0:0:0:1
GET http://localhost:9095/api/products/files/null HTTP/1.1
accept: image/avif,image/webp,image/apng,image/svg+xml,image/*,*/*;q=0.8
accept-encoding: gzip, deflate, br, zstd
accept-language: ja,en-US;q=0.9,en;q=0.8,vi;q=0.7
connection: keep-alive
cookie: XXX
host: localhost:9095
referer: http://localhost:9095/products
sec-ch-ua: "Not(A:Brand";v="8", "Chromium";v="144", "Google Chrome";v="144"
sec-ch-ua-mobile: ?0
sec-ch-ua-platform: "Windows"
sec-fetch-dest: image
sec-fetch-mode: no-cors
sec-fetch-site: same-origin
user-agent: Mozilla/5.0 (Windows NT 10.0; Win64; x64) AppleWebKit/537.36 (KHTML, like Gecko) Chrome/144.0.0.0 Safari/537.36
2026-02-02 21:14:17 TRACE [http-nio-9095-exec-3] org.zalando.logbook.Logbook - Outgoing Response: 9a5f7e369d8fbf1c
Duration: 0 ms
HTTP/1.1 403 Forbidden
Cache-Control: no-cache, no-store, max-age=0, must-revalidate
Expires: 0
Pragma: no-cache
X-Content-Type-Options: nosniff
X-Frame-Options: DENY
X-XSS-Protection: 0
2026-02-02 21:14:22 INFO  [http-nio-9095-exec-9] com.example.login.controller.ProductPageController - Request product detail with id=1
2026-02-02 21:14:22 INFO  [http-nio-9095-exec-9] com.example.login.service.ProductService - Load product detail id=1
2026-02-02 21:14:22 INFO  [http-nio-9095-exec-9] com.example.login.controller.ProductPageController - Product loaded successfully: id=1, name=Product 1
2026-02-02 21:14:26 INFO  [http-nio-9095-exec-10] com.example.login.controller.ProductPageController - Request list products page=0, size=4
2026-02-02 21:14:26 INFO  [http-nio-9095-exec-10] com.example.login.service.ProductService - Load products page=0, size=4
2026-02-02 21:14:26 TRACE [http-nio-9095-exec-7] org.zalando.logbook.Logbook - Incoming Request: cf2bc20e19934aa1
Remote: 0:0:0:0:0:0:0:1
GET http://localhost:9095/api/products/files/null HTTP/1.1
accept: image/avif,image/webp,image/apng,image/svg+xml,image/*,*/*;q=0.8
accept-encoding: gzip, deflate, br, zstd
accept-language: ja,en-US;q=0.9,en;q=0.8,vi;q=0.7
connection: keep-alive
cookie: XXX
host: localhost:9095
referer: http://localhost:9095/products
sec-ch-ua: "Not(A:Brand";v="8", "Chromium";v="144", "Google Chrome";v="144"
sec-ch-ua-mobile: ?0
sec-ch-ua-platform: "Windows"
sec-fetch-dest: image
sec-fetch-mode: no-cors
sec-fetch-site: same-origin
user-agent: Mozilla/5.0 (Windows NT 10.0; Win64; x64) AppleWebKit/537.36 (KHTML, like Gecko) Chrome/144.0.0.0 Safari/537.36
2026-02-02 21:14:26 TRACE [http-nio-9095-exec-7] org.zalando.logbook.Logbook - Outgoing Response: cf2bc20e19934aa1
Duration: 1 ms
HTTP/1.1 403 Forbidden
Cache-Control: no-cache, no-store, max-age=0, must-revalidate
Expires: 0
Pragma: no-cache
X-Content-Type-Options: nosniff
X-Frame-Options: DENY
X-XSS-Protection: 0
2026-02-02 21:57:44 WARN  [HikariPool-1:housekeeper] com.zaxxer.hikari.pool.HikariPool - HikariPool-1 - Thread starvation or clock leap detected (housekeeper delta=5m37s686ms49µs900ns).
